==== STRESS RUN 2026-05-11 01:00:01 ====
[UNSYNC] ./bin/unsync_matchmaking 40 8
=== Matchmaking UNSYNC | players=40 rooms=8 cap=5 rounds=8 ===
[PLAYER 1] buscando sala... (ronda 1)
[PLAYER 2] buscando sala... (ronda 1)
[PLAYER 3] buscando sala... (ronda 1)
[PLAYER 4] buscando sala... (ronda 1)
[PLAYER 5] buscando sala... (ronda 1)
[PLAYER 6] buscando sala... (ronda 1)
[PLAYER 7] buscando sala... (ronda 1)
[PLAYER 8] buscando sala... (ronda 1)
[PLAYER 9] buscando sala... (ronda 1)
[PLAYER 10] buscando sala... (ronda 1)
[PLAYER 11] buscando sala... (ronda 1)
[PLAYER 12] buscando sala... (ronda 1)
[PLAYER 13] buscando sala... (ronda 1)
[PLAYER 14] buscando sala... (ronda 1)
[PLAYER 15] buscando sala... (ronda 1)
[PLAYER 16] buscando sala... (ronda 1)
[PLAYER 17] buscando sala... (ronda 1)
[PLAYER 18] buscando sala... (ronda 1)
[PLAYER 19] buscando sala... (ronda 1)
[PLAYER 20] buscando sala... (ronda 1)
[PLAYER 21] buscando sala... (ronda 1)
[PLAYER 22] buscando sala... (ronda 1)
[PLAYER 23] buscando sala... (ronda 1)
[PLAYER 24] buscando sala... (ronda 1)
[PLAYER 25] buscando sala... (ronda 1)
[PLAYER 26] buscando sala... (ronda 1)
[PLAYER 27] buscando sala... (ronda 1)
[PLAYER 28] buscando sala... (ronda 1)
[PLAYER 29] buscando sala... (ronda 1)
[PLAYER 30] buscando sala... (ronda 1)
[PLAYER 31] buscando sala... (ronda 1)
[PLAYER 32] buscando sala... (ronda 1)
[PLAYER 33] buscando sala... (ronda 1)
[PLAYER 34] buscando sala... (ronda 1)
[PLAYER 35] buscando sala... (ronda 1)
[PLAYER 36] buscando sala... (ronda 1)
[PLAYER 37] buscando sala... (ronda 1)
[PLAYER 38] buscando sala... (ronda 1)
[PLAYER 39] buscando sala... (ronda 1)
[PLAYER 40] buscando sala... (ronda 1)
[ROOM 2] jugador 14 entro. Ocupacion: 1/5
[ROOM 5] jugador 15 entro. Ocupacion: 1/5
[ROOM 2] jugador 30 entro. Ocupacion: 1/5
[ROOM 1] jugador 23 entro. Ocupacion: 1/5
[ROOM 8] jugador 39 entro. Ocupacion: 1/5
[ROOM 3] jugador 6 entro. Ocupacion: 1/5
[ROOM 4] jugador 19 entro. Ocupacion: 1/5
[ROOM 4] jugador 35 entro. Ocupacion: 1/5
[ROOM 1] jugador 13 entro. Ocupacion: 1/5
[ROOM 1] jugador 29 entro. Ocupacion: 1/5
[ROOM 6] jugador 28 entro. Ocupacion: 1/5
[ROOM 5] jugador 37 entro. Ocupacion: 1/5
[ROOM 8] jugador 4 entro. Ocupacion: 1/5
[ROOM 3] jugador 5 entro. Ocupacion: 1/5
[ROOM 1] jugador 24 entro. Ocupacion: 1/5
[ROOM 8] jugador 33 entro. Ocupacion: 1/5
[ROOM 1] jugador 40 entro. Ocupacion: 1/5
[ROOM 3] jugador 26 entro. Ocupacion: 1/5
[ROOM 4] jugador 2 entro. Ocupacion: 1/5
[ROOM 7] jugador 18 entro. Ocupacion: 1/5
[ROOM 8] jugador 17 entro. Ocupacion: 1/5
[ROOM 2] jugador 9 entro. Ocupacion: 1/5
[ROOM 6] jugador 22 entro. Ocupacion: 1/5
[ROOM 5] jugador 31 entro. Ocupacion: 1/5
[ROOM 6] jugador 38 entro. Ocupacion: 1/5
[ROOM 6] jugador 7 entro. Ocupacion: 1/5
[ROOM 8] jugador 11 entro. Ocupacion: 1/5
[ROOM 8] jugador 27 entro. Ocupacion: 1/5
[ROOM 6] jugador 12 entro. Ocupacion: 1/5
[ROOM 5] jugador 21 entro. Ocupacion: 1/5
[ROOM 2] jugador 36 entro. Ocupacion: 1/5
[ROOM 1] jugador 3 entro. Ocupacion: 1/5
[ROOM 5] jugador 16 entro. Ocupacion: 1/5
[ROOM 5] jugador 32 entro. Ocupacion: 1/5
[ROOM 6] jugador 1 entro. Ocupacion: 1/5
[ROOM 4] jugador 25 entro. Ocupacion: 1/5
[ROOM 3] jugador 10 entro. Ocupacion: 1/5
[ROOM 7] jugador 34 entro. Ocupacion: 1/5
[ROOM 2] jugador 20 entro. Ocupacion: 1/5
[ROOM 7] jugador 8 entro. Ocupacion: 1/5
[ROOM 4] jugador 35 salio. Ocupacion: 0/5
[ROOM 5] jugador 15 salio. Ocupacion: 0/5
[ROOM 3] jugador 10 salio. Ocupacion: 0/5
[ROOM 8] jugador 17 salio. Ocupacion: 0/5
[ROOM 6] jugador 38 salio. Ocupacion: 0/5
[ROOM 4] jugador 2 salio. Ocupacion: -1/5
[ERROR] Ocupacion negativa detectada en sala 4
[ROOM 2] jugador 30 salio. Ocupacion: 0/5
[PLAYER 35] buscando sala... (ronda 2)
[PLAYER 10] buscando sala... (ronda 2)
[ROOM 5] jugador 32 salio. Ocupacion: -1/5
[ERROR] Ocupacion negativa detectada en sala 5
[PLAYER 15] buscando sala... (ronda 2)
[ROOM 8] jugador 11 salio. Ocupacion: -1/5
[ERROR] Ocupacion negativa detectada en sala 8
[ROOM 6] jugador 1 salio. Ocupacion: -1/5
[ERROR] Ocupacion negativa detectada en sala 6
[ROOM 1] jugador 24 salio. Ocupacion: 0/5
[ROOM 7] jugador 34 salio. Ocupacion: 0/5
[ROOM 7] jugador 8 salio. Ocupacion: -1/5
[ERROR] Ocupacion negativa detectada en sala 7
[PLAYER 38] buscando sala... (ronda 2)
[ROOM 1] jugador 29 salio. Ocupacion: -1/5
[ERROR] Ocupacion negativa detectada en sala 1
[ROOM 1] jugador 3 salio. Ocupacion: -2/5
[ERROR] Ocupacion negativa detectada en sala 1
[ROOM 2] jugador 36 salio. Ocupacion: -1/5
[ERROR] Ocupacion negativa detectada en sala 2
[ROOM 6] jugador 7 salio. Ocupacion: -2/5
[ERROR] Ocupacion negativa detectada en sala 6
[ROOM 5] jugador 21 salio. Ocupacion: -2/5
[ERROR] Ocupacion negativa detectada en sala 5
[ROOM 3] jugador 5 salio. Ocupacion: -1/5
[ERROR] Ocupacion negativa detectada en sala 3
[PLAYER 32] buscando sala... (ronda 2)
[ROOM 1] jugador 23 salio. Ocupacion: -3/5
[ERROR] Ocupacion negativa detectada en sala 1
[PLAYER 2] buscando sala... (ronda 2)
[PLAYER 17] buscando sala... (ronda 2)
[PLAYER 11] buscando sala... (ronda 2)
[PLAYER 36] buscando sala... (ronda 2)
[PLAYER 29] buscando sala... (ronda 2)
[PLAYER 23] buscando sala... (ronda 2)
[PLAYER 30] buscando sala... (ronda 2)
[PLAYER 24] buscando sala... (ronda 2)
[PLAYER 1] buscando sala... (ronda 2)
[ROOM 6] jugador 10 entro. Ocupacion: 1/5
[ROOM 4] jugador 30 entro. Ocupacion: 0/5
[PLAYER 8] buscando sala... (ronda 2)
[PLAYER 34] buscando sala... (ronda 2)
[ROOM 1] jugador 29 entro. Ocupacion: -2/5
[PLAYER 5] buscando sala... (ronda 2)
[ROOM 1] jugador 35 entro. Ocupacion: 2/5
[PLAYER 3] buscando sala... (ronda 2)
[ROOM 7] jugador 11 entro. Ocupacion: 0/5
[ROOM 1] jugador 32 entro. Ocupacion: -1/5
[ROOM 8] jugador 17 entro. Ocupacion: 0/5
[PLAYER 7] buscando sala... (ronda 2)
[PLAYER 21] buscando sala... (ronda 2)
[ROOM 5] jugador 36 entro. Ocupacion: -1/5
[ROOM 3] jugador 15 entro. Ocupacion: 1/5
[ROOM 3] jugador 7 entro. Ocupacion: 0/5
[ROOM 6] jugador 2 entro. Ocupacion: -1/5
[ROOM 2] jugador 38 entro. Ocupacion: 1/5
[ROOM 3] jugador 24 entro. Ocupacion: 0/5
[ROOM 8] jugador 23 entro. Ocupacion: 0/5
[ROOM 2] jugador 1 entro. Ocupacion: 0/5
[ROOM 3] jugador 21 entro. Ocupacion: 0/5
[ROOM 7] jugador 3 entro. Ocupacion: 1/5
[ROOM 6] jugador 8 entro. Ocupacion: 2/5
[ROOM 7] jugador 34 entro. Ocupacion: 0/5
[ROOM 6] jugador 5 entro. Ocupacion: 2/5
[ROOM 7] jugador 18 salio. Ocupacion: -1/5
[ERROR] Ocupacion negativa detectada en sala 7
[ROOM 4] jugador 25 salio. Ocupacion: -1/5
[ERROR] Ocupacion negativa detectada en sala 4
[ROOM 2] jugador 20 salio. Ocupacion: -1/5
[ERROR] Ocupacion negativa detectada en sala 2
[ROOM 1] jugador 13 salio. Ocupacion: 1/5
[ROOM 8] jugador 27 salio. Ocupacion: -1/5
[ERROR] Ocupacion negativa detectada en sala 8
[ROOM 6] jugador 12 salio. Ocupacion: 1/5
[ROOM 4] jugador 19 salio. Ocupacion: -2/5
[ERROR] Ocupacion negativa detectada en sala 4
[PLAYER 20] buscando sala... (ronda 2)
[ROOM 1] jugador 40 salio. Ocupacion: 0/5
[ROOM 8] jugador 4 salio. Ocupacion: -2/5
[ERROR] Ocupacion negativa detectada en sala 8
[PLAYER 13] buscando sala... (ronda 2)
[ROOM 5] jugador 37 salio. Ocupacion: -2/5
[ERROR] Ocupacion negativa detectada en sala 5
[ROOM 8] jugador 39 salio. Ocupacion: -3/5
[ERROR] Ocupacion negativa detectada en sala 8
[PLAYER 19] buscando sala... (ronda 2)
[PLAYER 25] buscando sala... (ronda 2)
[PLAYER 18] buscando sala... (ronda 2)
[ROOM 6] jugador 22 salio. Ocupacion: 0/5
[ROOM 3] jugador 6 salio. Ocupacion: -1/5
[ERROR] Ocupacion negativa detectada en sala 3
[ROOM 2] jugador 14 salio. Ocupacion: -2/5
[ERROR] Ocupacion negativa detectada en sala 2
[ROOM 2] jugador 9 salio. Ocupacion: -3/5
[ERROR] Ocupacion negativa detectada en sala 2
[PLAYER 4] buscando sala... (ronda 2)
[ROOM 5] jugador 16 salio. Ocupacion: -3/5
[ERROR] Ocupacion negativa detectada en sala 5
[PLAYER 12] buscando sala... (ronda 2)
[PLAYER 27] buscando sala... (ronda 2)
[ROOM 3] jugador 26 salio. Ocupacion: -2/5
[ERROR] Ocupacion negativa detectada en sala 3
[PLAYER 6] buscando sala... (ronda 2)
[ROOM 5] jugador 31 salio. Ocupacion: -4/5
[ERROR] Ocupacion negativa detectada en sala 5
[PLAYER 39] buscando sala... (ronda 2)
[ROOM 1] jugador 20 entro. Ocupacion: 2/5
[PLAYER 16] buscando sala... (ronda 2)
[PLAYER 22] buscando sala... (ronda 2)
[ROOM 6] jugador 28 salio. Ocupacion: -1/5
[ERROR] Ocupacion negativa detectada en sala 6
[ROOM 5] jugador 19 entro. Ocupacion: -1/5
[ROOM 8] jugador 33 salio. Ocupacion: -4/5
[ERROR] Ocupacion negativa detectada en sala 8
[PLAYER 9] buscando sala... (ronda 2)
[ROOM 3] jugador 27 entro. Ocupacion: 0/5
[PLAYER 40] buscando sala... (ronda 2)
[PLAYER 14] buscando sala... (ronda 2)
[PLAYER 26] buscando sala... (ronda 2)
[ROOM 5] jugador 13 entro. Ocupacion: 0/5
[PLAYER 33] buscando sala... (ronda 2)
[PLAYER 37] buscando sala... (ronda 2)
[ROOM 3] jugador 4 entro. Ocupacion: 0/5
[ROOM 3] jugador 12 entro. Ocupacion: 0/5
[PLAYER 31] buscando sala... (ronda 2)
[ROOM 6] jugador 25 entro. Ocupacion: 2/5
[ROOM 7] jugador 37 entro. Ocupacion: 0/5
[PLAYER 28] buscando sala... (ronda 2)
[ROOM 8] jugador 9 entro. Ocupacion: -3/5
[ROOM 7] jugador 40 entro. Ocupacion: 0/5
[ROOM 4] jugador 18 entro. Ocupacion: -1/5
[ROOM 6] jugador 31 entro. Ocupacion: 0/5
[ROOM 6] jugador 22 entro. Ocupacion: 1/5
[ROOM 7] jugador 28 entro. Ocupacion: 1/5
[ROOM 4] jugador 39 entro. Ocupacion: -1/5
[ROOM 5] jugador 16 entro. Ocupacion: -3/5
[ROOM 8] jugador 6 entro. Ocupacion: -2/5
[ROOM 4] jugador 33 entro. Ocupacion: -1/5
[ROOM 2] jugador 26 entro. Ocupacion: -2/5
[ROOM 8] jugador 14 entro. Ocupacion: -3/5
[ROOM 2] jugador 38 salio. Ocupacion: -3/5
[ERROR] Ocupacion negativa detectada en sala 2
[ROOM 6] jugador 10 salio. Ocupacion: 0/5
[ROOM 1] jugador 29 salio. Ocupacion: 1/5
[ROOM 8] jugador 17 salio. Ocupacion: -4/5
[ERROR] Ocupacion negativa detectada en sala 8
[ROOM 4] jugador 30 salio. Ocupacion: -2/5
[ERROR] Ocupacion negativa detectada en sala 4
[PLAYER 38] buscando sala... (ronda 3)
[PLAYER 10] buscando sala... (ronda 3)
[ROOM 6] jugador 2 salio. Ocupacion: -1/5
[ERROR] Ocupacion negativa detectada en sala 6
[PLAYER 17] buscando sala... (ronda 3)
[PLAYER 29] buscando sala... (ronda 3)
[ROOM 3] jugador 21 salio. Ocupacion: -1/5
[ERROR] Ocupacion negativa detectada en sala 3
[PLAYER 30] buscando sala... (ronda 3)
[ROOM 6] jugador 5 salio. Ocupacion: -2/5
[ERROR] Ocupacion negativa detectada en sala 6
[ROOM 4] jugador 17 entro. Ocupacion: -1/5
[PLAYER 2] buscando sala... (ronda 3)
[ROOM 7] jugador 34 salio. Ocupacion: 0/5
[ROOM 6] jugador 29 entro. Ocupacion: 0/5
[PLAYER 21] buscando sala... (ronda 3)
[ROOM 2] jugador 1 salio. Ocupacion: -4/5
[ERROR] Ocupacion negativa detectada en sala 2
[ROOM 3] jugador 30 entro. Ocupacion: 0/5
[ROOM 3] jugador 38 entro. Ocupacion: 1/5
[PLAYER 34] buscando sala... (ronda 3)
[PLAYER 5] buscando sala... (ronda 3)
[ROOM 3] jugador 10 entro. Ocupacion: 1/5
[PLAYER 1] buscando sala... (ronda 3)
[ROOM 4] jugador 34 entro. Ocupacion: 0/5
[ROOM 1] jugador 5 entro. Ocupacion: 2/5
[ROOM 8] jugador 2 entro. Ocupacion: -3/5
[ROOM 5] jugador 21 entro. Ocupacion: -2/5
[ROOM 8] jugador 1 entro. Ocupacion: -3/5
[ROOM 5] jugador 13 salio. Ocupacion: -3/5
[ERROR] Ocupacion negativa detectada en sala 5
[PLAYER 13] buscando sala... (ronda 3)
[ROOM 7] jugador 37 salio. Ocupacion: -1/5
[ERROR] Ocupacion negativa detectada en sala 7
[ROOM 7] jugador 11 salio. Ocupacion: -2/5
[ERROR] Ocupacion negativa detectada en sala 7
[PLAYER 37] buscando sala... (ronda 3)
[PLAYER 11] buscando sala... (ronda 3)
[ROOM 3] jugador 7 salio. Ocupacion: 0/5
[ROOM 5] jugador 13 entro. Ocupacion: -2/5
[ROOM 6] jugador 22 salio. Ocupacion: -1/5
[ERROR] Ocupacion negativa detectada en sala 6
[ROOM 4] jugador 18 salio. Ocupacion: -1/5
[ERROR] Ocupacion negativa detectada en sala 4
[PLAYER 7] buscando sala... (ronda 3)
[ROOM 2] jugador 26 salio. Ocupacion: -5/5
[ERROR] Ocupacion negativa detectada en sala 2
[ROOM 6] jugador 25 salio. Ocupacion: -2/5
[ERROR] Ocupacion negativa detectada en sala 6
[ROOM 1] jugador 35 salio. Ocupacion: 1/5
[PLAYER 22] buscando sala... (ronda 3)
[PLAYER 18] buscando sala... (ronda 3)
[ROOM 1] jugador 32 salio. Ocupacion: 0/5
[ROOM 4] jugador 33 salio. Ocupacion: -2/5
[ERROR] Ocupacion negativa detectada en sala 4
[ROOM 6] jugador 37 entro. Ocupacion: 1/5
[ROOM 3] jugador 24 salio. Ocupacion: -1/5
[ERROR] Ocupacion negativa detectada en sala 3
[ROOM 7] jugador 3 salio. Ocupacion: -3/5
[ERROR] Ocupacion negativa detectada en sala 7
[ROOM 5] jugador 36 salio. Ocupacion: -3/5
[ERROR] Ocupacion negativa detectada en sala 5
[PLAYER 35] buscando sala... (ronda 3)
[ROOM 5] jugador 7 entro. Ocupacion: -1/5
[PLAYER 32] buscando sala... (ronda 3)
[PLAYER 25] buscando sala... (ronda 3)
[ROOM 8] jugador 14 salio. Ocupacion: -4/5
[ERROR] Ocupacion negativa detectada en sala 8
[ROOM 3] jugador 15 salio. Ocupacion: -2/5
[ERROR] Ocupacion negativa detectada en sala 3
[PLAYER 14] buscando sala... (ronda 3)
[ROOM 8] jugador 35 entro. Ocupacion: -2/5
[PLAYER 26] buscando sala... (ronda 3)
[ROOM 7] jugador 11 entro. Ocupacion: -1/5
[ROOM 4] jugador 18 entro. Ocupacion: 0/5
[ROOM 6] jugador 8 salio. Ocupacion: 0/5
[ROOM 8] jugador 9 salio. Ocupacion: -3/5
[ERROR] Ocupacion negativa detectada en sala 8
[ROOM 8] jugador 6 salio. Ocupacion: -4/5
[ERROR] Ocupacion negativa detectada en sala 8
[ROOM 8] jugador 23 salio. Ocupacion: -5/5
[ERROR] Ocupacion negativa detectada en sala 8
[PLAYER 36] buscando sala... (ronda 3)
[ROOM 2] jugador 14 entro. Ocupacion: -4/5
[PLAYER 33] buscando sala... (ronda 3)
[PLAYER 24] buscando sala... (ronda 3)
[PLAYER 8] buscando sala... (ronda 3)
[ROOM 6] jugador 32 entro. Ocupacion: 2/5
[PLAYER 23] buscando sala... (ronda 3)
[PLAYER 3] buscando sala... (ronda 3)
[PLAYER 15] buscando sala... (ronda 3)
[ROOM 5] jugador 24 entro. Ocupacion: 0/5
[ROOM 1] jugador 23 entro. Ocupacion: 1/5
[PLAYER 6] buscando sala... (ronda 3)
[ROOM 4] jugador 25 entro. Ocupacion: -1/5
[PLAYER 9] buscando sala... (ronda 3)
[ROOM 2] jugador 22 entro. Ocupacion: -4/5
[ROOM 4] jugador 26 entro. Ocupacion: -1/5
[ROOM 1] jugador 8 entro. Ocupacion: 1/5
[ROOM 8] jugador 36 entro. Ocupacion: -4/5
[ROOM 6] jugador 6 entro. Ocupacion: 3/5
[ROOM 3] jugador 3 entro. Ocupacion: -1/5
[ROOM 8] jugador 15 entro. Ocupacion: -4/5
[ROOM 4] jugador 33 entro. Ocupacion: 1/5
[ROOM 8] jugador 9 entro. Ocupacion: -4/5
[ROOM 3] jugador 10 salio. Ocupacion: -2/5
[ERROR] Ocupacion negativa detectada en sala 3
[ROOM 6] jugador 29 salio. Ocupacion: 2/5
[PLAYER 29] buscando sala... (ronda 4)
[ROOM 4] jugador 34 salio. Ocupacion: 0/5
[ROOM 3] jugador 38 salio. Ocupacion: -3/5
[ERROR] Ocupacion negativa detectada en sala 3
[ROOM 3] jugador 29 entro. Ocupacion: -1/5
[PLAYER 10] buscando sala... (ronda 4)
[ROOM 1] jugador 5 salio. Ocupacion: 0/5
[PLAYER 38] buscando sala... (ronda 4)
[PLAYER 34] buscando sala... (ronda 4)
[ROOM 7] jugador 38 entro. Ocupacion: 0/5
[PLAYER 5] buscando sala... (ronda 4)
[ROOM 3] jugador 34 entro. Ocupacion: 0/5
[ROOM 1] jugador 10 entro. Ocupacion: 2/5
[ROOM 4] jugador 5 entro. Ocupacion: 1/5
[ROOM 5] jugador 19 salio. Ocupacion: -1/5
[ERROR] Ocupacion negativa detectada en sala 5
[ROOM 1] jugador 20 salio. Ocupacion: 1/5
[ROOM 3] jugador 12 salio. Ocupacion: -1/5
[ERROR] Ocupacion negativa detectada en sala 3
[ROOM 7] jugador 40 salio. Ocupacion: -1/5
[ERROR] Ocupacion negativa detectada en sala 7
[ROOM 3] jugador 27 salio. Ocupacion: -2/5
[ERROR] Ocupacion negativa detectada en sala 3
[ROOM 6] jugador 31 salio. Ocupacion: 1/5
[PLAYER 19] buscando sala... (ronda 3)
[ROOM 3] jugador 4 salio. Ocupacion: -3/5
[ERROR] Ocupacion negativa detectada en sala 3
[ROOM 7] jugador 28 salio. Ocupacion: -2/5
[ERROR] Ocupacion negativa detectada en sala 7
[PLAYER 40] buscando sala... (ronda 3)
[PLAYER 4] buscando sala... (ronda 3)
[PLAYER 28] buscando sala... (ronda 3)
[PLAYER 12] buscando sala... (ronda 3)
[PLAYER 31] buscando sala... (ronda 3)
[ROOM 7] jugador 19 entro. Ocupacion: 0/5
[PLAYER 20] buscando sala... (ronda 3)
[PLAYER 27] buscando sala... (ronda 3)
[ROOM 4] jugador 39 salio. Ocupacion: 0/5
[ROOM 5] jugador 16 salio. Ocupacion: -2/5
[ERROR] Ocupacion negativa detectada en sala 5
[ROOM 3] jugador 4 entro. Ocupacion: -2/5
[ROOM 7] jugador 20 entro. Ocupacion: 1/5
[ROOM 7] jugador 28 entro. Ocupacion: -1/5
[ROOM 6] jugador 40 entro. Ocupacion: 2/5
[PLAYER 16] buscando sala... (ronda 3)
[ROOM 1] jugador 31 entro. Ocupacion: 2/5
[ROOM 6] jugador 37 salio. Ocupacion: 1/5
[ROOM 6] jugador 12 entro. Ocupacion: 2/5
[PLAYER 39] buscando sala... (ronda 3)
[ROOM 7] jugador 27 entro. Ocupacion: 1/5
[ROOM 4] jugador 17 salio. Ocupacion: -1/5
[ERROR] Ocupacion negativa detectada en sala 4
[ROOM 7] jugador 11 salio. Ocupacion: 0/5
[ROOM 2] jugador 39 entro. Ocupacion: -3/5
[ROOM 5] jugador 7 salio. Ocupacion: -3/5
[PLAYER 37] buscando sala... (ronda 4)
[PLAYER 17] buscando sala... (ronda 4)
[ERROR] Ocupacion negativa detectada en sala 5
[ROOM 8] jugador 35 salio. Ocupacion: -5/5
[ERROR] Ocupacion negativa detectada en sala 8
[ROOM 3] jugador 30 salio. Ocupacion: -3/5
[ERROR] Ocupacion negativa detectada en sala 3
[PLAYER 11] buscando sala... (ronda 4)
[ROOM 1] jugador 37 entro. Ocupacion: 3/5
[ROOM 5] jugador 16 entro. Ocupacion: -1/5
[ROOM 3] jugador 17 entro. Ocupacion: -1/5
[PLAYER 7] buscando sala... (ronda 4)
[PLAYER 35] buscando sala... (ronda 4)
[ROOM 2] jugador 14 salio. Ocupacion: -4/5
[ERROR] Ocupacion negativa detectada en sala 2
[ROOM 7] jugador 11 entro. Ocupacion: 1/5
[PLAYER 30] buscando sala... (ronda 4)
[ROOM 8] jugador 2 salio. Ocupacion: -6/5
[ERROR] Ocupacion negativa detectada en sala 8
[ROOM 1] jugador 35 entro. Ocupacion: 4/5
[ROOM 8] jugador 36 salio. Ocupacion: -7/5
[ERROR] Ocupacion negativa detectada en sala 8
[PLAYER 14] buscando sala... (ronda 4)
[ROOM 1] jugador 30 entro. Ocupacion: 4/5
[PLAYER 2] buscando sala... (ronda 4)
[PLAYER 36] buscando sala... (ronda 4)
[ROOM 5] jugador 21 salio. Ocupacion: -2/5
[ERROR] Ocupacion negativa detectada en sala 5
[ROOM 5] jugador 14 entro. Ocupacion: 0/5
[ROOM 6] jugador 7 entro. Ocupacion: 3/5
[ROOM 4] jugador 33 salio. Ocupacion: -2/5
[ERROR] Ocupacion negativa detectada en sala 4
[ROOM 5] jugador 36 entro. Ocupacion: 0/5
[ROOM 8] jugador 1 salio. Ocupacion: -8/5
[ERROR] Ocupacion negativa detectada en sala 8
[ROOM 8] jugador 9 salio. Ocupacion: -9/5
[ERROR] Ocupacion negativa detectada en sala 8
[PLAYER 21] buscando sala... (ronda 4)
[PLAYER 9] buscando sala... (ronda 4)
[PLAYER 1] buscando sala... (ronda 4)
[ROOM 5] jugador 21 entro. Ocupacion: 1/5
[ROOM 3] jugador 29 salio. Ocupacion: -2/5
[ERROR] Ocupacion negativa detectada en sala 3
[PLAYER 33] buscando sala... (ronda 4)
[ROOM 5] jugador 2 entro. Ocupacion: 0/5
[ROOM 7] jugador 33 entro. Ocupacion: 2/5
[PLAYER 29] buscando sala... (ronda 5)
[ROOM 7] jugador 38 salio. Ocupacion: 1/5
[ROOM 8] jugador 29 entro. Ocupacion: -8/5
[ROOM 8] jugador 9 entro. Ocupacion: -8/5
[PLAYER 38] buscando sala... (ronda 5)
[ROOM 2] jugador 1 entro. Ocupacion: -3/5
[ROOM 4] jugador 38 entro. Ocupacion: -1/5
[ROOM 4] jugador 5 salio. Ocupacion: -2/5
[ERROR] Ocupacion negativa detectada en sala 4
[PLAYER 5] buscando sala... (ronda 5)
[ROOM 8] jugador 5 entro. Ocupacion: -7/5
[ROOM 5] jugador 13 salio. Ocupacion: -1/5
[ERROR] Ocupacion negativa detectada en sala 5
[ROOM 6] jugador 32 salio. Ocupacion: 2/5
[ROOM 6] jugador 12 salio. Ocupacion: 1/5
[PLAYER 32] buscando sala... (ronda 4)
[ROOM 2] jugador 22 salio. Ocupacion: -4/5
[ERROR] Ocupacion negativa detectada en sala 2
[ROOM 5] jugador 24 salio. Ocupacion: -2/5
[ERROR] Ocupacion negativa detectada en sala 5
[ROOM 1] jugador 31 salio. Ocupacion: 3/5
[PLAYER 13] buscando sala... (ronda 4)
[PLAYER 12] buscando sala... (ronda 4)
[ROOM 4] jugador 18 salio. Ocupacion: -3/5
[ERROR] Ocupacion negativa detectada en sala 4
[ROOM 6] jugador 40 salio. Ocupacion: 0/5
[ROOM 3] jugador 32 entro. Ocupacion: -1/5
[PLAYER 24] buscando sala... (ronda 4)
[ROOM 1] jugador 23 salio. Ocupacion: 2/5
[PLAYER 31] buscando sala... (ronda 4)
[PLAYER 22] buscando sala... (ronda 4)
[PLAYER 18] buscando sala... (ronda 4)
[ROOM 3] jugador 12 entro. Ocupacion: -1/5
[ROOM 6] jugador 6 salio. Ocupacion: -1/5
[ERROR] Ocupacion negativa detectada en sala 6
[ROOM 5] jugador 31 entro. Ocupacion: -1/5
[ROOM 2] jugador 39 salio. Ocupacion: -5/5
[ERROR] Ocupacion negativa detectada en sala 2
[PLAYER 6] buscando sala... (ronda 4)
[PLAYER 40] buscando sala... (ronda 4)
[PLAYER 23] buscando sala... (ronda 4)
[ROOM 1] jugador 8 salio. Ocupacion: 1/5
[ROOM 4] jugador 25 salio. Ocupacion: -4/5
[ERROR] Ocupacion negativa detectada en sala 4
[ROOM 5] jugador 24 entro. Ocupacion: -1/5
[ROOM 7] jugador 13 entro. Ocupacion: 2/5
[ROOM 3] jugador 22 entro. Ocupacion: 0/5
[ROOM 7] jugador 18 entro. Ocupacion: 2/5
[PLAYER 25] buscando sala... (ronda 4)
[ROOM 1] jugador 40 entro. Ocupacion: 3/5
[ROOM 8] jugador 15 salio. Ocupacion: -8/5
[ERROR] Ocupacion negativa detectada en sala 8
[ROOM 7] jugador 23 entro. Ocupacion: 2/5
[ROOM 4] jugador 26 salio. Ocupacion: -5/5
[ERROR] Ocupacion negativa detectada en sala 4
[PLAYER 26] buscando sala... (ronda 4)
[ROOM 1] jugador 25 entro. Ocupacion: 2/5
[PLAYER 8] buscando sala... (ronda 4)
[PLAYER 39] buscando sala... (ronda 4)
[ROOM 1] jugador 37 salio. Ocupacion: 1/5
[ROOM 5] jugador 16 salio. Ocupacion: -2/5
[ERROR] Ocupacion negativa detectada en sala 5
[PLAYER 15] buscando sala... (ronda 4)
[ROOM 3] jugador 3 salio. Ocupacion: -1/5
[ERROR] Ocupacion negativa detectada en sala 3
[ROOM 3] jugador 39 entro. Ocupacion: 1/5
[ROOM 5] jugador 26 entro. Ocupacion: 0/5
[PLAYER 3] buscando sala... (ronda 4)
[PLAYER 37] buscando sala... (ronda 5)
[ROOM 3] jugador 17 salio. Ocupacion: 0/5
[ROOM 1] jugador 6 entro. Ocupacion: 3/5
[ROOM 1] jugador 35 salio. Ocupacion: 2/5
[PLAYER 16] buscando sala... (ronda 4)
[ROOM 6] jugador 37 entro. Ocupacion: 0/5
[ROOM 3] jugador 8 entro. Ocupacion: 1/5
[ROOM 7] jugador 11 salio. Ocupacion: 1/5
[ROOM 1] jugador 15 entro. Ocupacion: 2/5
[PLAYER 17] buscando sala... (ronda 5)
[PLAYER 11] buscando sala... (ronda 5)
[ROOM 7] jugador 16 entro. Ocupacion: 3/5
[PLAYER 35] buscando sala... (ronda 5)
[ROOM 6] jugador 7 salio. Ocupacion: -1/5
[ERROR] Ocupacion negativa detectada en sala 6
[ROOM 4] jugador 3 entro. Ocupacion: -4/5
[ROOM 5] jugador 14 salio. Ocupacion: -1/5
[ERROR] Ocupacion negativa detectada en sala 5
[PLAYER 7] buscando sala... (ronda 5)
[ROOM 8] jugador 29 salio. Ocupacion: -9/5
[ERROR] Ocupacion negativa detectada en sala 8
[ROOM 3] jugador 34 salio. Ocupacion: 0/5
[ROOM 8] jugador 35 entro. Ocupacion: -7/5
[PLAYER 29] buscando sala... (ronda 6)
[ROOM 4] jugador 17 entro. Ocupacion: -4/5
[ROOM 5] jugador 2 salio. Ocupacion: -2/5
[ERROR] Ocupacion negativa detectada en sala 5
[ROOM 6] jugador 11 entro. Ocupacion: 1/5
[ROOM 1] jugador 10 salio. Ocupacion: 1/5
[PLAYER 14] buscando sala... (ronda 5)
[ROOM 7] jugador 29 entro. Ocupacion: 4/5
[PLAYER 10] buscando sala... (ronda 5)
[PLAYER 2] buscando sala... (ronda 5)
[PLAYER 34] buscando sala... (ronda 5)
[ROOM 8] jugador 7 entro. Ocupacion: -7/5
[ROOM 6] jugador 2 entro. Ocupacion: 2/5
[ROOM 4] jugador 34 entro. Ocupacion: -3/5
[ROOM 2] jugador 10 entro. Ocupacion: -4/5
[ROOM 2] jugador 14 entro. Ocupacion: -4/5
[ROOM 4] jugador 38 salio. Ocupacion: -4/5
[ERROR] Ocupacion negativa detectada en sala 4
[PLAYER 38] buscando sala... (ronda 6)
[ROOM 7] jugador 38 entro. Ocupacion: 5/5
[ROOM 7] jugador 28 salio. Ocupacion: 4/5
[ROOM 7] jugador 19 salio. Ocupacion: 3/5
[ROOM 7] jugador 20 salio. Ocupacion: 2/5
[ROOM 7] jugador 27 salio. Ocupacion: 1/5
[PLAYER 19] buscando sala... (ronda 4)
[ROOM 3] jugador 4 salio. Ocupacion: -1/5
[ERROR] Ocupacion negativa detectada en sala 3
[PLAYER 20] buscando sala... (ronda 4)
[PLAYER 28] buscando sala... (ronda 4)
[PLAYER 4] buscando sala... (ronda 4)
[ROOM 5] jugador 19 entro. Ocupacion: -1/5
[PLAYER 27] buscando sala... (ronda 4)
[ROOM 1] jugador 20 entro. Ocupacion: 2/5
[ROOM 7] jugador 28 entro. Ocupacion: 2/5
[ROOM 3] jugador 27 entro. Ocupacion: 0/5
[ROOM 7] jugador 4 entro. Ocupacion: 2/5
[ROOM 3] jugador 32 salio. Ocupacion: -1/5
[ERROR] Ocupacion negativa detectada en sala 3
[ROOM 1] jugador 40 salio. Ocupacion: 1/5
[ROOM 5] jugador 26 salio. Ocupacion: -2/5
[ERROR] Ocupacion negativa detectada en sala 5
[ROOM 5] jugador 24 salio. Ocupacion: -3/5
[ERROR] Ocupacion negativa detectada en sala 5
[ROOM 1] jugador 30 salio. Ocupacion: 0/5
[ROOM 5] jugador 31 salio. Ocupacion: -4/5
[ERROR] Ocupacion negativa detectada en sala 5
[PLAYER 32] buscando sala... (ronda 5)
[ROOM 7] jugador 18 salio. Ocupacion: 1/5
[ROOM 3] jugador 12 salio. Ocupacion: -2/5
[ERROR] Ocupacion negativa detectada en sala 3
[PLAYER 40] buscando sala... (ronda 5)
[PLAYER 30] buscando sala... (ronda 5)
[PLAYER 31] buscando sala... (ronda 5)
[ROOM 7] jugador 23 salio. Ocupacion: 0/5
[PLAYER 26] buscando sala... (ronda 5)
[PLAYER 18] buscando sala... (ronda 5)
[ROOM 5] jugador 36 salio. Ocupacion: -5/5
[ERROR] Ocupacion negativa detectada en sala 5
[PLAYER 23] buscando sala... (ronda 5)
[ROOM 8] jugador 31 entro. Ocupacion: -6/5
[ROOM 7] jugador 33 salio. Ocupacion: -1/5
[ERROR] Ocupacion negativa detectada en sala 7
[PLAYER 24] buscando sala... (ronda 5)
[ROOM 2] jugador 23 entro. Ocupacion: -3/5
[ROOM 6] jugador 32 entro. Ocupacion: 3/5
[ROOM 8] jugador 18 entro. Ocupacion: -6/5
[ROOM 6] jugador 26 entro. Ocupacion: 3/5
[ROOM 3] jugador 40 entro. Ocupacion: -1/5
[PLAYER 12] buscando sala... (ronda 5)
[PLAYER 36] buscando sala... (ronda 5)
[ROOM 2] jugador 12 entro. Ocupacion: -2/5
[ROOM 6] jugador 30 entro. Ocupacion: 3/5
[ROOM 5] jugador 21 salio. Ocupacion: -6/5
[ERROR] Ocupacion negativa detectada en sala 5
[ROOM 1] jugador 15 salio. Ocupacion: -1/5
[ERROR] Ocupacion negativa detectada en sala 1
[PLAYER 33] buscando sala... (ronda 5)
[PLAYER 21] buscando sala... (ronda 5)
[ROOM 8] jugador 24 entro. Ocupacion: -5/5
[ROOM 6] jugador 37 salio. Ocupacion: 2/5
[ROOM 2] jugador 1 salio. Ocupacion: -3/5
[ERROR] Ocupacion negativa detectada en sala 2
[PLAYER 15] buscando sala... (ronda 5)
[ROOM 4] jugador 36 entro. Ocupacion: -3/5
[ROOM 3] jugador 8 salio. Ocupacion: -2/5
[ERROR] Ocupacion negativa detectada en sala 3
[ROOM 2] jugador 21 entro. Ocupacion: -1/5
[PLAYER 37] buscando sala... (ronda 6)
[ROOM 4] jugador 15 entro. Ocupacion: -3/5
[PLAYER 8] buscando sala... (ronda 5)
[ROOM 4] jugador 17 salio. Ocupacion: -4/5
[ERROR] Ocupacion negativa detectada en sala 4
[ROOM 8] jugador 33 entro. Ocupacion: -5/5
[ROOM 8] jugador 9 salio. Ocupacion: -6/5
[ERROR] Ocupacion negativa detectada en sala 8
[PLAYER 1] buscando sala... (ronda 5)
[ROOM 7] jugador 29 salio. Ocupacion: -2/5
[ERROR] Ocupacion negativa detectada en sala 7
[ROOM 4] jugador 37 entro. Ocupacion: -2/5
[PLAYER 29] buscando sala... (ronda 7)
[PLAYER 9] buscando sala... (ronda 5)
[ROOM 5] jugador 8 entro. Ocupacion: -5/5
[PLAYER 17] buscando sala... (ronda 6)
[ROOM 3] jugador 29 entro. Ocupacion: -1/5
[ROOM 2] jugador 1 entro. Ocupacion: 0/5
[ROOM 7] jugador 9 entro. Ocupacion: -1/5
[ROOM 3] jugador 17 entro. Ocupacion: -1/5
[ROOM 8] jugador 5 salio. Ocupacion: -7/5
[ERROR] Ocupacion negativa detectada en sala 8
[ROOM 2] jugador 14 salio. Ocupacion: -1/5
[ERROR] Ocupacion negativa detectada en sala 2
[PLAYER 5] buscando sala... (ronda 6)
[PLAYER 14] buscando sala... (ronda 6)
[ROOM 3] jugador 5 entro. Ocupacion: 0/5
[ROOM 2] jugador 14 entro. Ocupacion: 0/5
[ROOM 3] jugador 39 salio. Ocupacion: -1/5
[ERROR] Ocupacion negativa detectada en sala 3
[ROOM 1] jugador 20 salio. Ocupacion: -2/5
[ERROR] Ocupacion negativa detectada en sala 1
[ROOM 7] jugador 13 salio. Ocupacion: -2/5
[ERROR] Ocupacion negativa detectada en sala 7
[ROOM 3] jugador 22 salio. Ocupacion: -2/5
[ERROR] Ocupacion negativa detectada en sala 3
[PLAYER 39] buscando sala... (ronda 5)
[ROOM 1] jugador 25 salio. Ocupacion: -3/5
[ERROR] Ocupacion negativa detectada en sala 1
[PLAYER 13] buscando sala... (ronda 5)
[PLAYER 20] buscando sala... (ronda 5)
[PLAYER 22] buscando sala... (ronda 5)
[ROOM 8] jugador 31 salio. Ocupacion: -8/5
[ERROR] Ocupacion negativa detectada en sala 8
[PLAYER 25] buscando sala... (ronda 5)
[ROOM 8] jugador 20 entro. Ocupacion: -6/5
[ROOM 1] jugador 6 salio. Ocupacion: -4/5
[ERROR] Ocupacion negativa detectada en sala 1
[PLAYER 31] buscando sala... (ronda 6)
[ROOM 4] jugador 13 entro. Ocupacion: -1/5
[ROOM 2] jugador 23 salio. Ocupacion: -1/5
[ERROR] Ocupacion negativa detectada en sala 2
[ROOM 6] jugador 39 entro. Ocupacion: 3/5
[ROOM 7] jugador 16 salio. Ocupacion: -3/5
[ERROR] Ocupacion negativa detectada en sala 7
[ROOM 8] jugador 18 salio. Ocupacion: -7/5
[ERROR] Ocupacion negativa detectada en sala 8
[PLAYER 6] buscando sala... (ronda 5)
[ROOM 5] jugador 31 entro. Ocupacion: -4/5
[ROOM 3] jugador 40 salio. Ocupacion: -3/5
[ERROR] Ocupacion negativa detectada en sala 3
[ROOM 6] jugador 26 salio. Ocupacion: 2/5
[ROOM 6] jugador 11 salio. Ocupacion: 1/5
[ROOM 2] jugador 25 entro. Ocupacion: 1/5
[PLAYER 23] buscando sala... (ronda 6)
[ROOM 8] jugador 22 entro. Ocupacion: -6/5
[PLAYER 16] buscando sala... (ronda 5)
[PLAYER 40] buscando sala... (ronda 6)
[ROOM 4] jugador 3 salio. Ocupacion: -2/5
[ERROR] Ocupacion negativa detectada en sala 4
[PLAYER 11] buscando sala... (ronda 6)
[ROOM 1] jugador 23 entro. Ocupacion: -3/5
[PLAYER 18] buscando sala... (ronda 6)
[ROOM 2] jugador 16 entro. Ocupacion: 2/5
[ROOM 5] jugador 6 entro. Ocupacion: -4/5
[ROOM 8] jugador 35 salio. Ocupacion: -7/5
[ERROR] Ocupacion negativa detectada en sala 8
[PLAYER 26] buscando sala... (ronda 6)
[ROOM 6] jugador 2 salio. Ocupacion: 0/5
[ROOM 2] jugador 12 salio. Ocupacion: 1/5
[ROOM 4] jugador 40 entro. Ocupacion: 0/5
[ROOM 6] jugador 32 salio. Ocupacion: -1/5
[ERROR] Ocupacion negativa detectada en sala 6
[PLAYER 3] buscando sala... (ronda 5)
[ROOM 3] jugador 18 entro. Ocupacion: -2/5
[PLAYER 12] buscando sala... (ronda 6)
[ROOM 5] jugador 11 entro. Ocupacion: -3/5
[PLAYER 2] buscando sala... (ronda 6)
[ROOM 2] jugador 10 salio. Ocupacion: 0/5
[PLAYER 35] buscando sala... (ronda 6)
[PLAYER 32] buscando sala... (ronda 6)
[PLAYER 10] buscando sala... (ronda 6)
[ROOM 7] jugador 26 entro. Ocupacion: -2/5
[ROOM 4] jugador 12 entro. Ocupacion: 1/5
[ROOM 1] jugador 3 entro. Ocupacion: -2/5
[ROOM 8] jugador 32 entro. Ocupacion: -6/5
[ROOM 7] jugador 10 entro. Ocupacion: -2/5
[ROOM 4] jugador 34 salio. Ocupacion: 0/5
[ROOM 4] jugador 36 salio. Ocupacion: -1/5
[ERROR] Ocupacion negativa detectada en sala 4
[ROOM 8] jugador 7 salio. Ocupacion: -7/5
[ERROR] Ocupacion negativa detectada en sala 8
[ROOM 2] jugador 2 entro. Ocupacion: 2/5
[ROOM 1] jugador 35 entro. Ocupacion: -2/5
[PLAYER 34] buscando sala... (ronda 6)
[PLAYER 36] buscando sala... (ronda 6)
[PLAYER 7] buscando sala... (ronda 6)
[ROOM 1] jugador 7 entro. Ocupacion: -1/5
[ROOM 3] jugador 34 entro. Ocupacion: -1/5
[ROOM 7] jugador 38 salio. Ocupacion: -3/5
[ERROR] Ocupacion negativa detectada en sala 7
[PLAYER 38] buscando sala... (ronda 7)
[ROOM 1] jugador 36 entro. Ocupacion: -1/5
[ROOM 7] jugador 9 salio. Ocupacion: -4/5
[ERROR] Ocupacion negativa detectada en sala 7
[PLAYER 9] buscando sala... (ronda 6)
[ROOM 2] jugador 14 salio. Ocupacion: 1/5
[ROOM 6] jugador 9 entro. Ocupacion: 0/5
[ROOM 5] jugador 38 entro. Ocupacion: -2/5
[PLAYER 14] buscando sala... (ronda 7)
[ROOM 2] jugador 14 entro. Ocupacion: 2/5
[ROOM 7] jugador 28 salio. Ocupacion: -5/5
[ERROR] Ocupacion negativa detectada en sala 7
[ROOM 5] jugador 19 salio. Ocupacion: -3/5
[ERROR] Ocupacion negativa detectada en sala 5
[ROOM 3] jugador 27 salio. Ocupacion: -2/5
[ERROR] Ocupacion negativa detectada en sala 3
[ROOM 7] jugador 4 salio. Ocupacion: -6/5
[ERROR] Ocupacion negativa detectada en sala 7
[PLAYER 28] buscando sala... (ronda 5)
[PLAYER 19] buscando sala... (ronda 5)
[PLAYER 4] buscando sala... (ronda 5)
[PLAYER 27] buscando sala... (ronda 5)
[ROOM 4] jugador 19 entro. Ocupacion: 0/5
[ROOM 6] jugador 28 entro. Ocupacion: 1/5
[ROOM 2] jugador 27 entro. Ocupacion: 3/5
[ROOM 6] jugador 4 entro. Ocupacion: 1/5
[ROOM 2] jugador 21 salio. Ocupacion: 2/5
[PLAYER 21] buscando sala... (ronda 6)
[ROOM 8] jugador 20 salio. Ocupacion: -8/5
[ERROR] Ocupacion negativa detectada en sala 8
[ROOM 3] jugador 21 entro. Ocupacion: -1/5
[PLAYER 20] buscando sala... (ronda 6)
[ROOM 4] jugador 15 salio. Ocupacion: -1/5
[ERROR] Ocupacion negativa detectada en sala 4
[ROOM 6] jugador 30 salio. Ocupacion: 0/5
[ROOM 4] jugador 37 salio. Ocupacion: -2/5
[ERROR] Ocupacion negativa detectada en sala 4
[ROOM 2] jugador 25 salio. Ocupacion: 1/5
[PLAYER 30] buscando sala... (ronda 6)
[PLAYER 15] buscando sala... (ronda 6)
[ROOM 8] jugador 24 salio. Ocupacion: -9/5
[ERROR] Ocupacion negativa detectada en sala 8
[PLAYER 37] buscando sala... (ronda 7)
[ROOM 5] jugador 15 entro. Ocupacion: -2/5
[ROOM 2] jugador 1 salio. Ocupacion: 0/5
[ROOM 2] jugador 30 entro. Ocupacion: 2/5
[ROOM 1] jugador 20 entro. Ocupacion: 0/5
[ROOM 3] jugador 18 salio. Ocupacion: -2/5
[ERROR] Ocupacion negativa detectada en sala 3
[PLAYER 25] buscando sala... (ronda 6)
[ROOM 8] jugador 33 salio. Ocupacion: -10/5
[ERROR] Ocupacion negativa detectada en sala 8
[PLAYER 1] buscando sala... (ronda 6)
[PLAYER 24] buscando sala... (ronda 6)
[ROOM 7] jugador 37 entro. Ocupacion: -5/5
[PLAYER 33] buscando sala... (ronda 6)
[PLAYER 18] buscando sala... (ronda 7)
[ROOM 2] jugador 1 entro. Ocupacion: 3/5
[ROOM 5] jugador 8 salio. Ocupacion: -3/5
[ERROR] Ocupacion negativa detectada en sala 5
[ROOM 5] jugador 6 salio. Ocupacion: -4/5
[ERROR] Ocupacion negativa detectada en sala 5
[ROOM 4] jugador 24 entro. Ocupacion: -1/5
[ROOM 5] jugador 11 salio. Ocupacion: -5/5
[ERROR] Ocupacion negativa detectada en sala 5
[ROOM 6] jugador 18 entro. Ocupacion: 1/5
[PLAYER 8] buscando sala... (ronda 6)
[PLAYER 6] buscando sala... (ronda 6)
[ROOM 3] jugador 29 salio. Ocupacion: -3/5
[ERROR] Ocupacion negativa detectada en sala 3
[ROOM 7] jugador 25 entro. Ocupacion: -5/5
[ROOM 4] jugador 8 entro. Ocupacion: 0/5
[ROOM 3] jugador 17 salio. Ocupacion: -4/5
[ERROR] Ocupacion negativa detectada en sala 3
[PLAYER 17] buscando sala... (ronda 7)
[PLAYER 11] buscando sala... (ronda 7)
[ROOM 3] jugador 33 entro. Ocupacion: -1/5
[ROOM 6] jugador 6 entro. Ocupacion: 2/5
[PLAYER 29] buscando sala... (ronda 8)
[ROOM 8] jugador 32 salio. Ocupacion: -11/5
[ERROR] Ocupacion negativa detectada en sala 8
[ROOM 3] jugador 11 entro. Ocupacion: -3/5
[PLAYER 32] buscando sala... (ronda 7)
[ROOM 3] jugador 17 entro. Ocupacion: -3/5
[ROOM 4] jugador 29 entro. Ocupacion: 1/5
[ROOM 5] jugador 32 entro. Ocupacion: -4/5
[ROOM 1] jugador 7 salio. Ocupacion: -1/5
[ERROR] Ocupacion negativa detectada en sala 1
[ROOM 2] jugador 2 salio. Ocupacion: 2/5
[ROOM 3] jugador 5 salio. Ocupacion: -4/5
[ERROR] Ocupacion negativa detectada en sala 3
[ROOM 1] jugador 35 salio. Ocupacion: -2/5
[ERROR] Ocupacion negativa detectada en sala 1
[PLAYER 7] buscando sala... (ronda 7)
[PLAYER 35] buscando sala... (ronda 7)
[PLAYER 2] buscando sala... (ronda 7)
[ROOM 3] jugador 34 salio. Ocupacion: -5/5
[ERROR] Ocupacion negativa detectada en sala 3
[ROOM 1] jugador 36 salio. Ocupacion: -3/5
[ERROR] Ocupacion negativa detectada en sala 1
[PLAYER 5] buscando sala... (ronda 7)
[PLAYER 34] buscando sala... (ronda 7)
[ROOM 3] jugador 2 entro. Ocupacion: -3/5
[ROOM 8] jugador 7 entro. Ocupacion: -10/5
[PLAYER 36] buscando sala... (ronda 7)
[ROOM 6] jugador 35 entro. Ocupacion: 3/5
[ROOM 1] jugador 36 entro. Ocupacion: -2/5
[ROOM 4] jugador 5 entro. Ocupacion: 2/5
[ROOM 5] jugador 34 entro. Ocupacion: -3/5
[ROOM 5] jugador 38 salio. Ocupacion: -4/5
[ERROR] Ocupacion negativa detectada en sala 5
[PLAYER 38] buscando sala... (ronda 8)
[ROOM 7] jugador 38 entro. Ocupacion: -4/5
[ROOM 4] jugador 19 salio. Ocupacion: 1/5
[ROOM 6] jugador 4 salio. Ocupacion: 2/5
[PLAYER 4] buscando sala... (ronda 6)
[PLAYER 19] buscando sala... (ronda 6)
[ROOM 8] jugador 22 salio. Ocupacion: -11/5
[ERROR] Ocupacion negativa detectada en sala 8
[ROOM 4] jugador 13 salio. Ocupacion: 0/5
[PLAYER 22] buscando sala... (ronda 6)
[ROOM 2] jugador 16 salio. Ocupacion: 1/5
[ROOM 8] jugador 4 entro. Ocupacion: -9/5
[ROOM 6] jugador 39 salio. Ocupacion: 1/5
[ROOM 6] jugador 22 entro. Ocupacion: 3/5
[ROOM 5] jugador 31 salio. Ocupacion: -5/5
[ERROR] Ocupacion negativa detectada en sala 5
[ROOM 1] jugador 23 salio. Ocupacion: -3/5
[ERROR] Ocupacion negativa detectada en sala 1
[PLAYER 13] buscando sala... (ronda 6)
[ROOM 1] jugador 19 entro. Ocupacion: -1/5
[PLAYER 23] buscando sala... (ronda 7)
[PLAYER 16] buscando sala... (ronda 6)
[PLAYER 31] buscando sala... (ronda 7)
[ROOM 2] jugador 30 salio. Ocupacion: 0/5
[PLAYER 39] buscando sala... (ronda 6)
[ROOM 7] jugador 31 entro. Ocupacion: -3/5
[ROOM 8] jugador 16 entro. Ocupacion: -8/5
[ROOM 4] jugador 40 salio. Ocupacion: -1/5
[ERROR] Ocupacion negativa detectada en sala 4
[PLAYER 40] buscando sala... (ronda 7)
[ROOM 7] jugador 13 entro. Ocupacion: -3/5
[ROOM 1] jugador 39 entro. Ocupacion: 0/5
[PLAYER 30] buscando sala... (ronda 7)
[ROOM 3] jugador 23 entro. Ocupacion: -2/5
[ROOM 7] jugador 26 salio. Ocupacion: -4/5
[ERROR] Ocupacion negativa detectada en sala 7
[ROOM 4] jugador 12 salio. Ocupacion: -2/5
[ERROR] Ocupacion negativa detectada en sala 4
[ROOM 1] jugador 30 entro. Ocupacion: 1/5
[PLAYER 26] buscando sala... (ronda 7)
[ROOM 1] jugador 3 salio. Ocupacion: 0/5
[ROOM 1] jugador 20 salio. Ocupacion: -1/5
[ERROR] Ocupacion negativa detectada en sala 1
[ROOM 1] jugador 40 entro. Ocupacion: 0/5
[PLAYER 20] buscando sala... (ronda 7)
[PLAYER 12] buscando sala... (ronda 7)
[ROOM 2] jugador 26 entro. Ocupacion: 1/5
[ROOM 6] jugador 18 salio. Ocupacion: 2/5
[ROOM 7] jugador 10 salio. Ocupacion: -5/5
[ERROR] Ocupacion negativa detectada en sala 7
[ROOM 5] jugador 15 salio. Ocupacion: -6/5
[ERROR] Ocupacion negativa detectada en sala 5
[PLAYER 3] buscando sala... (ronda 6)
[PLAYER 10] buscando sala... (ronda 7)
[ROOM 2] jugador 20 entro. Ocupacion: 1/5
[PLAYER 15] buscando sala... (ronda 7)
[ROOM 2] jugador 10 entro. Ocupacion: 2/5
[PLAYER 18] buscando sala... (ronda 8)
[ROOM 7] jugador 37 salio. Ocupacion: -6/5
[ERROR] Ocupacion negativa detectada en sala 7
[ROOM 8] jugador 3 entro. Ocupacion: -7/5
[ROOM 6] jugador 12 entro. Ocupacion: 4/5
[ROOM 7] jugador 15 entro. Ocupacion: -4/5
[ROOM 3] jugador 11 salio. Ocupacion: -3/5
[ERROR] Ocupacion negativa detectada en sala 3
[ROOM 4] jugador 8 salio. Ocupacion: -3/5
[ERROR] Ocupacion negativa detectada en sala 4
[ROOM 7] jugador 25 salio. Ocupacion: -5/5
[ERROR] Ocupacion negativa detectada en sala 7
[PLAYER 11] buscando sala... (ronda 8)
[PLAYER 37] buscando sala... (ronda 8)
[ROOM 7] jugador 18 entro. Ocupacion: -4/5
[ROOM 4] jugador 29 salio. Ocupacion: -4/5
[ERROR] Ocupacion negativa detectada en sala 4
[PLAYER 25] buscando sala... (ronda 7)
[ROOM 3] jugador 17 salio. Ocupacion: -4/5
[ERROR] Ocupacion negativa detectada en sala 3
[PLAYER 8] buscando sala... (ronda 7)
[ROOM 6] jugador 37 entro. Ocupacion: 5/5
[ROOM 6] jugador 9 salio. Ocupacion: 4/5
[ROOM 1] jugador 11 entro. Ocupacion: 1/5
[PLAYER 17] buscando sala... (ronda 8)
[PLAYER 9] buscando sala... (ronda 7)
[ROOM 5] jugador 32 salio. Ocupacion: -7/5
[ERROR] Ocupacion negativa detectada en sala 5
[ROOM 7] jugador 25 entro. Ocupacion: -3/5
[ROOM 6] jugador 8 entro. Ocupacion: 5/5
[PLAYER 32] buscando sala... (ronda 8)
[ROOM 2] jugador 17 entro. Ocupacion: 3/5
[ROOM 4] jugador 9 entro. Ocupacion: -3/5
[ROOM 7] jugador 32 entro. Ocupacion: -2/5
[ROOM 3] jugador 2 salio. Ocupacion: -5/5
[ERROR] Ocupacion negativa detectada en sala 3
[PLAYER 2] buscando sala... (ronda 8)
[ROOM 2] jugador 14 salio. Ocupacion: 2/5
[ROOM 6] jugador 35 salio. Ocupacion: 4/5
[ROOM 1] jugador 36 salio. Ocupacion: 0/5
[PLAYER 35] buscando sala... (ronda 8)
[ROOM 4] jugador 2 entro. Ocupacion: -2/5
[PLAYER 14] buscando sala... (ronda 8)
[PLAYER 36] buscando sala... (ronda 8)
[ROOM 1] jugador 35 entro. Ocupacion: 1/5
[ROOM 8] jugador 14 entro. Ocupacion: -6/5
[ROOM 5] jugador 36 entro. Ocupacion: -6/5
[ROOM 6] jugador 28 salio. Ocupacion: 3/5
[PLAYER 28] buscando sala... (ronda 6)
[ROOM 2] jugador 27 salio. Ocupacion: 1/5
[PLAYER 27] buscando sala... (ronda 6)
[ROOM 5] jugador 28 entro. Ocupacion: -5/5
[ROOM 3] jugador 21 salio. Ocupacion: -6/5
[ERROR] Ocupacion negativa detectada en sala 3
[ROOM 5] jugador 27 entro. Ocupacion: -5/5
[PLAYER 21] buscando sala... (ronda 7)
[ROOM 7] jugador 21 entro. Ocupacion: -1/5
[ROOM 2] jugador 1 salio. Ocupacion: 0/5
[PLAYER 1] buscando sala... (ronda 7)
[ROOM 1] jugador 39 salio. Ocupacion: 0/5
[ROOM 8] jugador 16 salio. Ocupacion: -7/5
[ERROR] Ocupacion negativa detectada en sala 8
[ROOM 1] jugador 30 salio. Ocupacion: -1/5
[ERROR] Ocupacion negativa detectada en sala 1
[ROOM 7] jugador 13 salio. Ocupacion: -2/5
[ERROR] Ocupacion negativa detectada en sala 7
[PLAYER 16] buscando sala... (ronda 7)
[ROOM 4] jugador 24 salio. Ocupacion: -3/5
[ERROR] Ocupacion negativa detectada en sala 4
[ROOM 2] jugador 10 salio. Ocupacion: -1/5
[ERROR] Ocupacion negativa detectada en sala 2
[PLAYER 30] buscando sala... (ronda 8)
[PLAYER 13] buscando sala... (ronda 7)
[PLAYER 39] buscando sala... (ronda 7)
[ROOM 3] jugador 33 salio. Ocupacion: -7/5
[ERROR] Ocupacion negativa detectada en sala 3
[ROOM 8] jugador 1 entro. Ocupacion: -5/5
[PLAYER 10] buscando sala... (ronda 8)
[ROOM 4] jugador 30 entro. Ocupacion: -2/5
[PLAYER 24] buscando sala... (ronda 7)
[ROOM 6] jugador 6 salio. Ocupacion: 2/5
[ROOM 2] jugador 39 entro. Ocupacion: 0/5
[ROOM 1] jugador 40 salio. Ocupacion: -2/5
[ERROR] Ocupacion negativa detectada en sala 1
[ROOM 5] jugador 16 entro. Ocupacion: -4/5
[PLAYER 6] buscando sala... (ronda 7)
[PLAYER 40] buscando sala... (ronda 8)
[PLAYER 33] buscando sala... (ronda 7)
[ROOM 2] jugador 26 salio. Ocupacion: -1/5
[ERROR] Ocupacion negativa detectada en sala 2
[ROOM 3] jugador 13 entro. Ocupacion: -5/5
[ROOM 2] jugador 20 salio. Ocupacion: -2/5
[ERROR] Ocupacion negativa detectada en sala 2
[ROOM 3] jugador 6 entro. Ocupacion: -6/5
[ROOM 1] jugador 40 entro. Ocupacion: -1/5
[ROOM 2] jugador 33 entro. Ocupacion: 1/5
[ROOM 1] jugador 24 entro. Ocupacion: 0/5
[ROOM 6] jugador 12 salio. Ocupacion: 1/5
[ROOM 4] jugador 10 entro. Ocupacion: -2/5
[PLAYER 20] buscando sala... (ronda 8)
[PLAYER 26] buscando sala... (ronda 8)
[ROOM 8] jugador 20 entro. Ocupacion: -4/5
[ROOM 8] jugador 3 salio. Ocupacion: -5/5
[ERROR] Ocupacion negativa detectada en sala 8
[PLAYER 12] buscando sala... (ronda 8)
[ROOM 1] jugador 26 entro. Ocupacion: 1/5
[ROOM 6] jugador 37 salio. Ocupacion: 0/5
[ROOM 1] jugador 11 salio. Ocupacion: 0/5
[PLAYER 3] buscando sala... (ronda 7)
[ROOM 7] jugador 18 salio. Ocupacion: -3/5
[ERROR] Ocupacion negativa detectada en sala 7
[ROOM 6] jugador 12 entro. Ocupacion: 2/5
[ROOM 4] jugador 5 salio. Ocupacion: -3/5
[ERROR] Ocupacion negativa detectada en sala 4
[ROOM 8] jugador 7 salio. Ocupacion: -6/5
[ERROR] Ocupacion negativa detectada en sala 8
[PLAYER 5] buscando sala... (ronda 8)
[ROOM 4] jugador 3 entro. Ocupacion: -1/5
[PLAYER 7] buscando sala... (ronda 8)
[ROOM 7] jugador 25 salio. Ocupacion: -4/5
[ERROR] Ocupacion negativa detectada en sala 7
[ROOM 8] jugador 7 entro. Ocupacion: -5/5
[ROOM 4] jugador 9 salio. Ocupacion: -2/5
[ERROR] Ocupacion negativa detectada en sala 4
[ROOM 6] jugador 5 entro. Ocupacion: 3/5
[ROOM 5] jugador 34 salio. Ocupacion: -5/5
[ERROR] Ocupacion negativa detectada en sala 5
[PLAYER 25] buscando sala... (ronda 8)
[PLAYER 9] buscando sala... (ronda 8)
[PLAYER 34] buscando sala... (ronda 8)
[ROOM 5] jugador 25 entro. Ocupacion: -4/5
[ROOM 3] jugador 34 entro. Ocupacion: -5/5
[ROOM 7] jugador 32 salio. Ocupacion: -5/5
[ERROR] Ocupacion negativa detectada en sala 7
[ROOM 4] jugador 2 salio. Ocupacion: -3/5
[ERROR] Ocupacion negativa detectada en sala 4
[ROOM 7] jugador 38 salio. Ocupacion: -6/5
[ERROR] Ocupacion negativa detectada en sala 7
[ROOM 2] jugador 9 entro. Ocupacion: 2/5
[ROOM 1] jugador 35 salio. Ocupacion: -1/5
[ERROR] Ocupacion negativa detectada en sala 1
[ROOM 8] jugador 4 salio. Ocupacion: -6/5
[ERROR] Ocupacion negativa detectada en sala 8
[PLAYER 4] buscando sala... (ronda 7)
[ROOM 6] jugador 22 salio. Ocupacion: 2/5
[ROOM 7] jugador 4 entro. Ocupacion: -5/5
[PLAYER 22] buscando sala... (ronda 7)
[ROOM 3] jugador 23 salio. Ocupacion: -6/5
[ERROR] Ocupacion negativa detectada en sala 3
[ROOM 5] jugador 22 entro. Ocupacion: -3/5
[ROOM 7] jugador 31 salio. Ocupacion: -6/5
[ERROR] Ocupacion negativa detectada en sala 7
[PLAYER 23] buscando sala... (ronda 8)
[PLAYER 31] buscando sala... (ronda 8)
[ROOM 5] jugador 27 salio. Ocupacion: -4/5
[ERROR] Ocupacion negativa detectada en sala 5
[ROOM 1] jugador 19 salio. Ocupacion: -2/5
[ERROR] Ocupacion negativa detectada en sala 1
[ROOM 3] jugador 23 entro. Ocupacion: -5/5
[PLAYER 19] buscando sala... (ronda 7)
[PLAYER 27] buscando sala... (ronda 7)
[ROOM 7] jugador 19 entro. Ocupacion: -5/5
[ROOM 5] jugador 31 entro. Ocupacion: -2/5
[ROOM 2] jugador 27 entro. Ocupacion: 3/5
[ROOM 7] jugador 15 salio. Ocupacion: -6/5
[ERROR] Ocupacion negativa detectada en sala 7
[ROOM 8] jugador 1 salio. Ocupacion: -7/5
[ERROR] Ocupacion negativa detectada en sala 8
[PLAYER 15] buscando sala... (ronda 8)
[PLAYER 1] buscando sala... (ronda 8)
[ROOM 8] jugador 15 entro. Ocupacion: -6/5
[ROOM 4] jugador 10 salio. Ocupacion: -4/5
[ERROR] Ocupacion negativa detectada en sala 4
[ROOM 1] jugador 40 salio. Ocupacion: -3/5
[ERROR] Ocupacion negativa detectada en sala 1
[ROOM 7] jugador 1 entro. Ocupacion: -5/5
[ROOM 2] jugador 17 salio. Ocupacion: 2/5
[ROOM 6] jugador 12 salio. Ocupacion: 1/5
[ROOM 6] jugador 8 salio. Ocupacion: 0/5
[ROOM 8] jugador 20 salio. Ocupacion: -7/5
[ERROR] Ocupacion negativa detectada en sala 8
[PLAYER 8] buscando sala... (ronda 8)
[ROOM 1] jugador 26 salio. Ocupacion: -4/5
[ERROR] Ocupacion negativa detectada en sala 1
[ROOM 1] jugador 8 entro. Ocupacion: -2/5
[ROOM 4] jugador 3 salio. Ocupacion: -5/5
[ERROR] Ocupacion negativa detectada en sala 4
[PLAYER 3] buscando sala... (ronda 8)
[ROOM 6] jugador 5 salio. Ocupacion: -1/5
[ERROR] Ocupacion negativa detectada en sala 6
[ROOM 3] jugador 34 salio. Ocupacion: -6/5
[ERROR] Ocupacion negativa detectada en sala 3
[ROOM 8] jugador 14 salio. Ocupacion: -8/5
[ERROR] Ocupacion negativa detectada en sala 8
[ROOM 1] jugador 3 entro. Ocupacion: -1/5
[ROOM 5] jugador 36 salio. Ocupacion: -3/5
[ERROR] Ocupacion negativa detectada en sala 5
[ROOM 5] jugador 28 salio. Ocupacion: -4/5
[ERROR] Ocupacion negativa detectada en sala 5
[PLAYER 28] buscando sala... (ronda 7)
[ROOM 5] jugador 28 entro. Ocupacion: -3/5
[ROOM 7] jugador 4 salio. Ocupacion: -6/5
[ERROR] Ocupacion negativa detectada en sala 7
[PLAYER 4] buscando sala... (ronda 8)
[ROOM 7] jugador 21 salio. Ocupacion: -7/5
[ERROR] Ocupacion negativa detectada en sala 7
[ROOM 5] jugador 4 entro. Ocupacion: -2/5
[PLAYER 21] buscando sala... (ronda 8)
[ROOM 5] jugador 22 salio. Ocupacion: -3/5
[ERROR] Ocupacion negativa detectada en sala 5
[ROOM 7] jugador 19 salio. Ocupacion: -8/5
[ERROR] Ocupacion negativa detectada en sala 7
[PLAYER 22] buscando sala... (ronda 8)
[ROOM 1] jugador 21 entro. Ocupacion: 0/5
[ROOM 2] jugador 27 salio. Ocupacion: 1/5
[ROOM 2] jugador 22 entro. Ocupacion: 3/5
[ROOM 1] jugador 24 salio. Ocupacion: -1/5
[ERROR] Ocupacion negativa detectada en sala 1
[PLAYER 19] buscando sala... (ronda 8)
[ROOM 4] jugador 30 salio. Ocupacion: -6/5
[ERROR] Ocupacion negativa detectada en sala 4
[ROOM 5] jugador 16 salio. Ocupacion: -4/5
[ERROR] Ocupacion negativa detectada en sala 5
[ROOM 4] jugador 19 entro. Ocupacion: -4/5
[ROOM 2] jugador 39 salio. Ocupacion: 2/5
[ROOM 3] jugador 13 salio. Ocupacion: -7/5
[ERROR] Ocupacion negativa detectada en sala 3
[PLAYER 16] buscando sala... (ronda 8)
[PLAYER 39] buscando sala... (ronda 8)
[PLAYER 27] buscando sala... (ronda 8)
[PLAYER 13] buscando sala... (ronda 8)
[PLAYER 24] buscando sala... (ronda 8)
[ROOM 7] jugador 13 entro. Ocupacion: -7/5
[ROOM 2] jugador 33 salio. Ocupacion: 1/5
[ROOM 3] jugador 6 salio. Ocupacion: -8/5
[ERROR] Ocupacion negativa detectada en sala 3
[PLAYER 33] buscando sala... (ronda 8)
[ROOM 1] jugador 16 entro. Ocupacion: 0/5
[ROOM 8] jugador 39 entro. Ocupacion: -7/5
[PLAYER 6] buscando sala... (ronda 8)
[ROOM 7] jugador 33 entro. Ocupacion: -6/5
[ROOM 4] jugador 24 entro. Ocupacion: -3/5
[ROOM 6] jugador 27 entro. Ocupacion: 0/5
[ROOM 7] jugador 6 entro. Ocupacion: -6/5
[ROOM 8] jugador 7 salio. Ocupacion: -8/5
[ERROR] Ocupacion negativa detectada en sala 8
[ROOM 1] jugador 8 salio. Ocupacion: -1/5
[ERROR] Ocupacion negativa detectada en sala 1
[ROOM 5] jugador 25 salio. Ocupacion: -5/5
[ERROR] Ocupacion negativa detectada en sala 5
[ROOM 2] jugador 9 salio. Ocupacion: 0/5
[ROOM 1] jugador 3 salio. Ocupacion: -2/5
[ERROR] Ocupacion negativa detectada en sala 1
[ROOM 3] jugador 23 salio. Ocupacion: -9/5
[ERROR] Ocupacion negativa detectada en sala 3
[ROOM 5] jugador 28 salio. Ocupacion: -6/5
[ERROR] Ocupacion negativa detectada en sala 5
[PLAYER 28] buscando sala... (ronda 8)
[ROOM 5] jugador 4 salio. Ocupacion: -7/5
[ERROR] Ocupacion negativa detectada en sala 5
[ROOM 3] jugador 28 entro. Ocupacion: -8/5
[ROOM 5] jugador 31 salio. Ocupacion: -8/5
[ERROR] Ocupacion negativa detectada en sala 5
[ROOM 1] jugador 16 salio. Ocupacion: -3/5
[ERROR] Ocupacion negativa detectada en sala 1
[ROOM 1] jugador 21 salio. Ocupacion: -4/5
[ERROR] Ocupacion negativa detectada en sala 1
[ROOM 7] jugador 13 salio. Ocupacion: -7/5
[ERROR] Ocupacion negativa detectada en sala 7
[ROOM 4] jugador 19 salio. Ocupacion: -4/5
[ERROR] Ocupacion negativa detectada en sala 4
[ROOM 6] jugador 27 salio. Ocupacion: -1/5
[ERROR] Ocupacion negativa detectada en sala 6
[ROOM 7] jugador 1 salio. Ocupacion: -8/5
[ERROR] Ocupacion negativa detectada en sala 7
[ROOM 8] jugador 15 salio. Ocupacion: -9/5
[ERROR] Ocupacion negativa detectada en sala 8
[ROOM 7] jugador 33 salio. Ocupacion: -9/5
[ERROR] Ocupacion negativa detectada en sala 7
[ROOM 4] jugador 24 salio. Ocupacion: -5/5
[ERROR] Ocupacion negativa detectada en sala 4
[ROOM 2] jugador 22 salio. Ocupacion: -1/5
[ERROR] Ocupacion negativa detectada en sala 2
[ROOM 8] jugador 39 salio. Ocupacion: -10/5
[ERROR] Ocupacion negativa detectada en sala 8
[ROOM 7] jugador 6 salio. Ocupacion: -10/5
[ERROR] Ocupacion negativa detectada en sala 7
[ROOM 3] jugador 28 salio. Ocupacion: -9/5
[ERROR] Ocupacion negativa detectada en sala 3

========== RESUMEN UNSYNC ==========
[ROOM 1] entries=43 exits=43 final_occ=-4
[ROOM 2] entries=35 exits=35 final_occ=-1
[ROOM 3] entries=42 exits=42 final_occ=-9
[ROOM 4] entries=37 exits=37 final_occ=-5
[ROOM 5] entries=40 exits=40 final_occ=-8
[ROOM 6] entries=40 exits=40 final_occ=-1
[ROOM 7] entries=44 exits=44 final_occ=-10
[ROOM 8] entries=39 exits=39 final_occ=-10
[GLOBAL] completados=40/40
[GLOBAL] entradas=320 salidas=320 esperadas=320
[ERROR] Conteo inconsistente detectado.

[SYNC] ./bin/sync_matchmaking 40 1
=== Matchmaking SYNC | players=40 rooms=8 cap=5 ===
[WARN] sem_init no disponible en este sistema; usando fallback local para ejecutar demo.
[SERVER] Sala 1 activada. Salas activas: 1
[PLAYER 1] buscando sala...
[ROOM 1] jugador 1 entro. Ocupacion: 1/5
[PLAYER 2] buscando sala...
[ROOM 1] jugador 2 entro. Ocupacion: 2/5
[PLAYER 3] buscando sala...
[ROOM 1] jugador 3 entro. Ocupacion: 3/5
[PLAYER 4] buscando sala...
[ROOM 1] jugador 4 entro. Ocupacion: 4/5
[PLAYER 5] buscando sala...
[ROOM 1] jugador 5 entro. Ocupacion: 5/5
[PLAYER 6] buscando sala...
[SERVER] Sala 2 activada. Salas activas: 2
[ROOM 2] jugador 6 entro. Ocupacion: 1/5
[PLAYER 7] buscando sala...
[ROOM 2] jugador 7 entro. Ocupacion: 2/5
[PLAYER 8] buscando sala...
[ROOM 2] jugador 8 entro. Ocupacion: 3/5
[PLAYER 9] buscando sala...
[ROOM 2] jugador 9 entro. Ocupacion: 4/5
[PLAYER 10] buscando sala...
[ROOM 2] jugador 10 entro. Ocupacion: 5/5
[PLAYER 11] buscando sala...
[SERVER] Sala 3 activada. Salas activas: 3
[ROOM 3] jugador 11 entro. Ocupacion: 1/5
[PLAYER 12] buscando sala...
[ROOM 3] jugador 12 entro. Ocupacion: 2/5
[PLAYER 13] buscando sala...
[ROOM 3] jugador 13 entro. Ocupacion: 3/5
[PLAYER 14] buscando sala...
[ROOM 3] jugador 14 entro. Ocupacion: 4/5
[PLAYER 15] buscando sala...
[ROOM 3] jugador 15 entro. Ocupacion: 5/5
[PLAYER 16] buscando sala...
[SERVER] Sala 4 activada. Salas activas: 4
[ROOM 4] jugador 16 entro. Ocupacion: 1/5
[PLAYER 17] buscando sala...
[ROOM 4] jugador 17 entro. Ocupacion: 2/5
[PLAYER 18] buscando sala...
[ROOM 4] jugador 18 entro. Ocupacion: 3/5
[PLAYER 19] buscando sala...
[ROOM 4] jugador 19 entro. Ocupacion: 4/5
[PLAYER 20] buscando sala...
[ROOM 4] jugador 20 entro. Ocupacion: 5/5
[PLAYER 21] buscando sala...
[SERVER] Sala 5 activada. Salas activas: 5
[ROOM 5] jugador 21 entro. Ocupacion: 1/5
[PLAYER 22] buscando sala...
[ROOM 5] jugador 22 entro. Ocupacion: 2/5
[PLAYER 23] buscando sala...
[ROOM 5] jugador 23 entro. Ocupacion: 3/5
[PLAYER 24] buscando sala...
[ROOM 5] jugador 24 entro. Ocupacion: 4/5
[PLAYER 25] buscando sala...
[ROOM 5] jugador 25 entro. Ocupacion: 5/5
[PLAYER 26] buscando sala...
[SERVER] Sala 6 activada. Salas activas: 6
[ROOM 6] jugador 26 entro. Ocupacion: 1/5
[PLAYER 27] buscando sala...
[ROOM 6] jugador 27 entro. Ocupacion: 2/5
[PLAYER 28] buscando sala...
[ROOM 6] jugador 28 entro. Ocupacion: 3/5
[PLAYER 29] buscando sala...
[ROOM 6] jugador 29 entro. Ocupacion: 4/5
[PLAYER 30] buscando sala...
[ROOM 6] jugador 30 entro. Ocupacion: 5/5
[PLAYER 31] buscando sala...
[SERVER] Sala 7 activada. Salas activas: 7
[ROOM 7] jugador 31 entro. Ocupacion: 1/5
[PLAYER 32] buscando sala...
[ROOM 7] jugador 32 entro. Ocupacion: 2/5
[PLAYER 33] buscando sala...
[ROOM 7] jugador 33 entro. Ocupacion: 3/5
[PLAYER 34] buscando sala...
[ROOM 7] jugador 34 entro. Ocupacion: 4/5
[PLAYER 35] buscando sala...
[ROOM 7] jugador 35 entro. Ocupacion: 5/5
[PLAYER 36] buscando sala...
[SERVER] Sala 8 activada. Salas activas: 8
[ROOM 8] jugador 36 entro. Ocupacion: 1/5
[PLAYER 37] buscando sala...
[ROOM 8] jugador 37 entro. Ocupacion: 2/5
[PLAYER 38] buscando sala...
[ROOM 8] jugador 38 entro. Ocupacion: 3/5
[PLAYER 39] buscando sala...
[ROOM 8] jugador 39 entro. Ocupacion: 4/5
[PLAYER 40] buscando sala...
[ROOM 8] jugador 40 entro. Ocupacion: 5/5
[ROOM 1] jugador 3 salio. Ocupacion: 4/5
[SIGNAL] espacio disponible, no hay cola activa.
[ROOM 2] jugador 6 salio. Ocupacion: 4/5
[SIGNAL] espacio disponible, no hay cola activa.
[ROOM 3] jugador 13 salio. Ocupacion: 4/5
[SIGNAL] espacio disponible, no hay cola activa.
[ROOM 3] jugador 14 salio. Ocupacion: 3/5
[SIGNAL] espacio disponible, no hay cola activa.
[ROOM 3] jugador 15 salio. Ocupacion: 2/5
[SIGNAL] espacio disponible, no hay cola activa.
[ROOM 4] jugador 16 salio. Ocupacion: 4/5
[SIGNAL] espacio disponible, no hay cola activa.
[ROOM 4] jugador 17 salio. Ocupacion: 3/5
[SIGNAL] espacio disponible, no hay cola activa.
[ROOM 4] jugador 18 salio. Ocupacion: 2/5
[SIGNAL] espacio disponible, no hay cola activa.
[ROOM 4] jugador 19 salio. Ocupacion: 1/5
[SIGNAL] espacio disponible, no hay cola activa.
[ROOM 5] jugador 21 salio. Ocupacion: 4/5
[SIGNAL] espacio disponible, no hay cola activa.
[ROOM 5] jugador 22 salio. Ocupacion: 3/5
[SIGNAL] espacio disponible, no hay cola activa.
[ROOM 4] jugador 20 salio. Ocupacion: 0/5
[SERVER] Sala 4 marcada inactiva. Salas activas: 7
[SIGNAL] espacio disponible, no hay cola activa.
[ROOM 5] jugador 23 salio. Ocupacion: 2/5
[SIGNAL] espacio disponible, no hay cola activa.
[ROOM 6] jugador 26 salio. Ocupacion: 4/5
[SIGNAL] espacio disponible, no hay cola activa.
[ROOM 1] jugador 4 salio. Ocupacion: 3/5
[SIGNAL] espacio disponible, no hay cola activa.
[ROOM 6] jugador 27 salio. Ocupacion: 3/5
[SIGNAL] espacio disponible, no hay cola activa.
[ROOM 2] jugador 7 salio. Ocupacion: 3/5
[SIGNAL] espacio disponible, no hay cola activa.
[ROOM 7] jugador 32 salio. Ocupacion: 4/5
[SIGNAL] espacio disponible, no hay cola activa.
[ROOM 7] jugador 33 salio. Ocupacion: 3/5
[SIGNAL] espacio disponible, no hay cola activa.
[ROOM 6] jugador 28 salio. Ocupacion: 2/5
[SIGNAL] espacio disponible, no hay cola activa.
[ROOM 2] jugador 8 salio. Ocupacion: 2/5
[SIGNAL] espacio disponible, no hay cola activa.
[ROOM 7] jugador 34 salio. Ocupacion: 2/5
[SIGNAL] espacio disponible, no hay cola activa.
[ROOM 7] jugador 35 salio. Ocupacion: 1/5
[SIGNAL] espacio disponible, no hay cola activa.
[ROOM 8] jugador 36 salio. Ocupacion: 4/5
[SIGNAL] espacio disponible, no hay cola activa.
[ROOM 1] jugador 5 salio. Ocupacion: 2/5
[SIGNAL] espacio disponible, no hay cola activa.
[ROOM 1] jugador 1 salio. Ocupacion: 1/5
[SIGNAL] espacio disponible, no hay cola activa.
[ROOM 2] jugador 10 salio. Ocupacion: 1/5
[SIGNAL] espacio disponible, no hay cola activa.
[ROOM 3] jugador 12 salio. Ocupacion: 1/5
[SIGNAL] espacio disponible, no hay cola activa.
[ROOM 5] jugador 24 salio. Ocupacion: 1/5
[SIGNAL] espacio disponible, no hay cola activa.
[ROOM 8] jugador 37 salio. Ocupacion: 3/5
[SIGNAL] espacio disponible, no hay cola activa.
[ROOM 2] jugador 9 salio. Ocupacion: 0/5
[SERVER] Sala 2 marcada inactiva. Salas activas: 6
[SIGNAL] espacio disponible, no hay cola activa.
[ROOM 8] jugador 40 salio. Ocupacion: 2/5
[SIGNAL] espacio disponible, no hay cola activa.
[ROOM 1] jugador 2 salio. Ocupacion: 0/5
[SERVER] Sala 1 marcada inactiva. Salas activas: 5
[SIGNAL] espacio disponible, no hay cola activa.
[ROOM 5] jugador 25 salio. Ocupacion: 0/5
[SERVER] Sala 5 marcada inactiva. Salas activas: 4
[SIGNAL] espacio disponible, no hay cola activa.
[ROOM 3] jugador 11 salio. Ocupacion: 0/5
[SERVER] Sala 3 marcada inactiva. Salas activas: 3
[SIGNAL] espacio disponible, no hay cola activa.
[ROOM 6] jugador 29 salio. Ocupacion: 1/5
[SIGNAL] espacio disponible, no hay cola activa.
[ROOM 8] jugador 38 salio. Ocupacion: 1/5
[SIGNAL] espacio disponible, no hay cola activa.
[ROOM 7] jugador 31 salio. Ocupacion: 0/5
[SERVER] Sala 7 marcada inactiva. Salas activas: 2
[SIGNAL] espacio disponible, no hay cola activa.
[ROOM 6] jugador 30 salio. Ocupacion: 0/5
[SERVER] Sala 6 marcada inactiva. Salas activas: 1
[SIGNAL] espacio disponible, no hay cola activa.
[ROOM 8] jugador 39 salio. Ocupacion: 0/5
[SERVER] Sala 8 marcada inactiva. Salas activas: 0
[SIGNAL] espacio disponible, no hay cola activa.

========== RESUMEN SYNC ==========
[ROOM 1] activa=0 entries=5 exits=5 occ=0/5
[ROOM 2] activa=0 entries=5 exits=5 occ=0/5
[ROOM 3] activa=0 entries=5 exits=5 occ=0/5
[ROOM 4] activa=0 entries=5 exits=5 occ=0/5
[ROOM 5] activa=0 entries=5 exits=5 occ=0/5
[ROOM 6] activa=0 entries=5 exits=5 occ=0/5
[ROOM 7] activa=0 entries=5 exits=5 occ=0/5
[ROOM 8] activa=0 entries=5 exits=5 occ=0/5
[GLOBAL] completados=40/40 dentro=0
[GLOBAL] salas creadas=8 salas cerradas=8
[OK] Ninguna sala excedio su capacidad.
[OK] Todos los jugadores terminaron correctamente.

[SYNC-150] ./bin/sync_matchmaking 40 1 (4 lotes)
--- lote 1/4 ---
=== Matchmaking SYNC | players=40 rooms=8 cap=5 ===
[WARN] sem_init no disponible en este sistema; usando fallback local para ejecutar demo.
[SERVER] Sala 1 activada. Salas activas: 1
[PLAYER 1] buscando sala...
[ROOM 1] jugador 1 entro. Ocupacion: 1/5
[PLAYER 2] buscando sala...
[ROOM 1] jugador 2 entro. Ocupacion: 2/5
[PLAYER 3] buscando sala...
[ROOM 1] jugador 3 entro. Ocupacion: 3/5
[PLAYER 4] buscando sala...
[ROOM 1] jugador 4 entro. Ocupacion: 4/5
[PLAYER 5] buscando sala...
[ROOM 1] jugador 5 entro. Ocupacion: 5/5
[PLAYER 6] buscando sala...
[SERVER] Sala 2 activada. Salas activas: 2
[ROOM 2] jugador 6 entro. Ocupacion: 1/5
[PLAYER 7] buscando sala...
[ROOM 2] jugador 7 entro. Ocupacion: 2/5
[PLAYER 8] buscando sala...
[ROOM 2] jugador 8 entro. Ocupacion: 3/5
[PLAYER 9] buscando sala...
[ROOM 2] jugador 9 entro. Ocupacion: 4/5
[PLAYER 11] buscando sala...
[ROOM 2] jugador 11 entro. Ocupacion: 5/5
[PLAYER 10] buscando sala...
[SERVER] Sala 3 activada. Salas activas: 3
[ROOM 3] jugador 10 entro. Ocupacion: 1/5
[PLAYER 13] buscando sala...
[ROOM 3] jugador 13 entro. Ocupacion: 2/5
[PLAYER 12] buscando sala...
[ROOM 3] jugador 12 entro. Ocupacion: 3/5
[PLAYER 14] buscando sala...
[ROOM 3] jugador 14 entro. Ocupacion: 4/5
[PLAYER 15] buscando sala...
[ROOM 3] jugador 15 entro. Ocupacion: 5/5
[PLAYER 16] buscando sala...
[SERVER] Sala 4 activada. Salas activas: 4
[ROOM 4] jugador 16 entro. Ocupacion: 1/5
[PLAYER 18] buscando sala...
[ROOM 4] jugador 18 entro. Ocupacion: 2/5
[PLAYER 17] buscando sala...
[ROOM 4] jugador 17 entro. Ocupacion: 3/5
[PLAYER 19] buscando sala...
[ROOM 4] jugador 19 entro. Ocupacion: 4/5
[PLAYER 20] buscando sala...
[ROOM 4] jugador 20 entro. Ocupacion: 5/5
[PLAYER 21] buscando sala...
[SERVER] Sala 5 activada. Salas activas: 5
[ROOM 5] jugador 21 entro. Ocupacion: 1/5
[PLAYER 22] buscando sala...
[ROOM 5] jugador 22 entro. Ocupacion: 2/5
[PLAYER 23] buscando sala...
[ROOM 5] jugador 23 entro. Ocupacion: 3/5
[PLAYER 24] buscando sala...
[ROOM 5] jugador 24 entro. Ocupacion: 4/5
[PLAYER 25] buscando sala...
[ROOM 5] jugador 25 entro. Ocupacion: 5/5
[PLAYER 26] buscando sala...
[SERVER] Sala 6 activada. Salas activas: 6
[ROOM 6] jugador 26 entro. Ocupacion: 1/5
[PLAYER 27] buscando sala...
[ROOM 6] jugador 27 entro. Ocupacion: 2/5
[PLAYER 28] buscando sala...
[ROOM 6] jugador 28 entro. Ocupacion: 3/5
[PLAYER 29] buscando sala...
[ROOM 6] jugador 29 entro. Ocupacion: 4/5
[PLAYER 30] buscando sala...
[ROOM 6] jugador 30 entro. Ocupacion: 5/5
[PLAYER 31] buscando sala...
[SERVER] Sala 7 activada. Salas activas: 7
[ROOM 7] jugador 31 entro. Ocupacion: 1/5
[PLAYER 32] buscando sala...
[ROOM 7] jugador 32 entro. Ocupacion: 2/5
[PLAYER 33] buscando sala...
[ROOM 7] jugador 33 entro. Ocupacion: 3/5
[PLAYER 34] buscando sala...
[ROOM 7] jugador 34 entro. Ocupacion: 4/5
[PLAYER 35] buscando sala...
[ROOM 7] jugador 35 entro. Ocupacion: 5/5
[PLAYER 36] buscando sala...
[SERVER] Sala 8 activada. Salas activas: 8
[ROOM 8] jugador 36 entro. Ocupacion: 1/5
[PLAYER 37] buscando sala...
[ROOM 8] jugador 37 entro. Ocupacion: 2/5
[PLAYER 38] buscando sala...
[ROOM 8] jugador 38 entro. Ocupacion: 3/5
[PLAYER 39] buscando sala...
[ROOM 8] jugador 39 entro. Ocupacion: 4/5
[PLAYER 40] buscando sala...
[ROOM 8] jugador 40 entro. Ocupacion: 5/5
[ROOM 7] jugador 33 salio. Ocupacion: 4/5
[SIGNAL] espacio disponible, no hay cola activa.
[ROOM 8] jugador 37 salio. Ocupacion: 4/5
[SIGNAL] espacio disponible, no hay cola activa.
[ROOM 2] jugador 9 salio. Ocupacion: 4/5
[SIGNAL] espacio disponible, no hay cola activa.
[ROOM 3] jugador 12 salio. Ocupacion: 4/5
[SIGNAL] espacio disponible, no hay cola activa.
[ROOM 4] jugador 16 salio. Ocupacion: 4/5
[SIGNAL] espacio disponible, no hay cola activa.
[ROOM 8] jugador 36 salio. Ocupacion: 3/5
[SIGNAL] espacio disponible, no hay cola activa.
[ROOM 1] jugador 1 salio. Ocupacion: 4/5
[SIGNAL] espacio disponible, no hay cola activa.
[ROOM 1] jugador 4 salio. Ocupacion: 3/5
[SIGNAL] espacio disponible, no hay cola activa.
[ROOM 1] jugador 3 salio. Ocupacion: 2/5
[SIGNAL] espacio disponible, no hay cola activa.
[ROOM 1] jugador 5 salio. Ocupacion: 1/5
[SIGNAL] espacio disponible, no hay cola activa.
[ROOM 1] jugador 2 salio. Ocupacion: 0/5
[SERVER] Sala 1 marcada inactiva. Salas activas: 7
[SIGNAL] espacio disponible, no hay cola activa.
[ROOM 2] jugador 6 salio. Ocupacion: 3/5
[SIGNAL] espacio disponible, no hay cola activa.
[ROOM 2] jugador 7 salio. Ocupacion: 2/5
[SIGNAL] espacio disponible, no hay cola activa.
[ROOM 2] jugador 8 salio. Ocupacion: 1/5
[SIGNAL] espacio disponible, no hay cola activa.
[ROOM 2] jugador 11 salio. Ocupacion: 0/5
[SERVER] Sala 2 marcada inactiva. Salas activas: 6
[SIGNAL] espacio disponible, no hay cola activa.
[ROOM 4] jugador 17 salio. Ocupacion: 3/5
[SIGNAL] espacio disponible, no hay cola activa.
[ROOM 3] jugador 13 salio. Ocupacion: 3/5
[SIGNAL] espacio disponible, no hay cola activa.
[ROOM 3] jugador 14 salio. Ocupacion: 2/5
[SIGNAL] espacio disponible, no hay cola activa.
[ROOM 5] jugador 22 salio. Ocupacion: 4/5
[SIGNAL] espacio disponible, no hay cola activa.
[ROOM 3] jugador 15 salio. Ocupacion: 1/5
[SIGNAL] espacio disponible, no hay cola activa.
[ROOM 5] jugador 23 salio. Ocupacion: 3/5
[SIGNAL] espacio disponible, no hay cola activa.
[ROOM 4] jugador 18 salio. Ocupacion: 2/5
[SIGNAL] espacio disponible, no hay cola activa.
[ROOM 5] jugador 24 salio. Ocupacion: 2/5
[SIGNAL] espacio disponible, no hay cola activa.
[ROOM 4] jugador 19 salio. Ocupacion: 1/5
[SIGNAL] espacio disponible, no hay cola activa.
[ROOM 5] jugador 25 salio. Ocupacion: 1/5
[SIGNAL] espacio disponible, no hay cola activa.
[ROOM 5] jugador 21 salio. Ocupacion: 0/5
[SERVER] Sala 5 marcada inactiva. Salas activas: 5
[SIGNAL] espacio disponible, no hay cola activa.
[ROOM 6] jugador 26 salio. Ocupacion: 4/5
[SIGNAL] espacio disponible, no hay cola activa.
[ROOM 6] jugador 27 salio. Ocupacion: 3/5
[SIGNAL] espacio disponible, no hay cola activa.
[ROOM 6] jugador 28 salio. Ocupacion: 2/5
[SIGNAL] espacio disponible, no hay cola activa.
[ROOM 6] jugador 29 salio. Ocupacion: 1/5
[SIGNAL] espacio disponible, no hay cola activa.
[ROOM 7] jugador 31 salio. Ocupacion: 3/5
[SIGNAL] espacio disponible, no hay cola activa.
[ROOM 7] jugador 32 salio. Ocupacion: 2/5
[SIGNAL] espacio disponible, no hay cola activa.
[ROOM 8] jugador 38 salio. Ocupacion: 2/5
[SIGNAL] espacio disponible, no hay cola activa.
[ROOM 8] jugador 40 salio. Ocupacion: 1/5
[SIGNAL] espacio disponible, no hay cola activa.
[ROOM 3] jugador 10 salio. Ocupacion: 0/5
[SERVER] Sala 3 marcada inactiva. Salas activas: 4
[SIGNAL] espacio disponible, no hay cola activa.
[ROOM 4] jugador 20 salio. Ocupacion: 0/5
[SERVER] Sala 4 marcada inactiva. Salas activas: 3
[SIGNAL] espacio disponible, no hay cola activa.
[ROOM 7] jugador 34 salio. Ocupacion: 1/5
[SIGNAL] espacio disponible, no hay cola activa.
[ROOM 7] jugador 35 salio. Ocupacion: 0/5
[SERVER] Sala 7 marcada inactiva. Salas activas: 2
[SIGNAL] espacio disponible, no hay cola activa.
[ROOM 8] jugador 39 salio. Ocupacion: 0/5
[SERVER] Sala 8 marcada inactiva. Salas activas: 1
[SIGNAL] espacio disponible, no hay cola activa.
[ROOM 6] jugador 30 salio. Ocupacion: 0/5
[SERVER] Sala 6 marcada inactiva. Salas activas: 0
[SIGNAL] espacio disponible, no hay cola activa.

========== RESUMEN SYNC ==========
[ROOM 1] activa=0 entries=5 exits=5 occ=0/5
[ROOM 2] activa=0 entries=5 exits=5 occ=0/5
[ROOM 3] activa=0 entries=5 exits=5 occ=0/5
[ROOM 4] activa=0 entries=5 exits=5 occ=0/5
[ROOM 5] activa=0 entries=5 exits=5 occ=0/5
[ROOM 6] activa=0 entries=5 exits=5 occ=0/5
[ROOM 7] activa=0 entries=5 exits=5 occ=0/5
[ROOM 8] activa=0 entries=5 exits=5 occ=0/5
[GLOBAL] completados=40/40 dentro=0
[GLOBAL] salas creadas=8 salas cerradas=8
[OK] Ninguna sala excedio su capacidad.
[OK] Todos los jugadores terminaron correctamente.
--- lote 2/4 ---
=== Matchmaking SYNC | players=40 rooms=8 cap=5 ===
[WARN] sem_init no disponible en este sistema; usando fallback local para ejecutar demo.
[SERVER] Sala 1 activada. Salas activas: 1
[PLAYER 2] buscando sala...
[ROOM 1] jugador 2 entro. Ocupacion: 1/5
[PLAYER 1] buscando sala...
[ROOM 1] jugador 1 entro. Ocupacion: 2/5
[PLAYER 3] buscando sala...
[ROOM 1] jugador 3 entro. Ocupacion: 3/5
[PLAYER 4] buscando sala...
[ROOM 1] jugador 4 entro. Ocupacion: 4/5
[PLAYER 5] buscando sala...
[ROOM 1] jugador 5 entro. Ocupacion: 5/5
[PLAYER 6] buscando sala...
[SERVER] Sala 2 activada. Salas activas: 2
[ROOM 2] jugador 6 entro. Ocupacion: 1/5
[PLAYER 7] buscando sala...
[ROOM 2] jugador 7 entro. Ocupacion: 2/5
[PLAYER 9] buscando sala...
[ROOM 2] jugador 9 entro. Ocupacion: 3/5
[PLAYER 8] buscando sala...
[ROOM 2] jugador 8 entro. Ocupacion: 4/5
[PLAYER 10] buscando sala...
[ROOM 2] jugador 10 entro. Ocupacion: 5/5
[PLAYER 11] buscando sala...
[SERVER] Sala 3 activada. Salas activas: 3
[ROOM 3] jugador 11 entro. Ocupacion: 1/5
[PLAYER 12] buscando sala...
[ROOM 3] jugador 12 entro. Ocupacion: 2/5
[PLAYER 13] buscando sala...
[ROOM 3] jugador 13 entro. Ocupacion: 3/5
[PLAYER 14] buscando sala...
[ROOM 3] jugador 14 entro. Ocupacion: 4/5
[PLAYER 15] buscando sala...
[ROOM 3] jugador 15 entro. Ocupacion: 5/5
[PLAYER 16] buscando sala...
[SERVER] Sala 4 activada. Salas activas: 4
[ROOM 4] jugador 16 entro. Ocupacion: 1/5
[PLAYER 17] buscando sala...
[ROOM 4] jugador 17 entro. Ocupacion: 2/5
[PLAYER 18] buscando sala...
[ROOM 4] jugador 18 entro. Ocupacion: 3/5
[PLAYER 19] buscando sala...
[ROOM 4] jugador 19 entro. Ocupacion: 4/5
[PLAYER 20] buscando sala...
[ROOM 4] jugador 20 entro. Ocupacion: 5/5
[PLAYER 21] buscando sala...
[SERVER] Sala 5 activada. Salas activas: 5
[ROOM 5] jugador 21 entro. Ocupacion: 1/5
[PLAYER 22] buscando sala...
[ROOM 5] jugador 22 entro. Ocupacion: 2/5
[PLAYER 23] buscando sala...
[ROOM 5] jugador 23 entro. Ocupacion: 3/5
[PLAYER 24] buscando sala...
[ROOM 5] jugador 24 entro. Ocupacion: 4/5
[PLAYER 25] buscando sala...
[ROOM 5] jugador 25 entro. Ocupacion: 5/5
[PLAYER 26] buscando sala...
[SERVER] Sala 6 activada. Salas activas: 6
[ROOM 6] jugador 26 entro. Ocupacion: 1/5
[PLAYER 27] buscando sala...
[ROOM 6] jugador 27 entro. Ocupacion: 2/5
[PLAYER 28] buscando sala...
[ROOM 6] jugador 28 entro. Ocupacion: 3/5
[PLAYER 29] buscando sala...
[ROOM 6] jugador 29 entro. Ocupacion: 4/5
[PLAYER 30] buscando sala...
[ROOM 6] jugador 30 entro. Ocupacion: 5/5
[PLAYER 31] buscando sala...
[SERVER] Sala 7 activada. Salas activas: 7
[ROOM 7] jugador 31 entro. Ocupacion: 1/5
[PLAYER 32] buscando sala...
[ROOM 7] jugador 32 entro. Ocupacion: 2/5
[PLAYER 33] buscando sala...
[ROOM 7] jugador 33 entro. Ocupacion: 3/5
[PLAYER 34] buscando sala...
[ROOM 7] jugador 34 entro. Ocupacion: 4/5
[PLAYER 35] buscando sala...
[ROOM 7] jugador 35 entro. Ocupacion: 5/5
[PLAYER 36] buscando sala...
[SERVER] Sala 8 activada. Salas activas: 8
[ROOM 8] jugador 36 entro. Ocupacion: 1/5
[PLAYER 37] buscando sala...
[ROOM 8] jugador 37 entro. Ocupacion: 2/5
[PLAYER 38] buscando sala...
[ROOM 8] jugador 38 entro. Ocupacion: 3/5
[PLAYER 39] buscando sala...
[ROOM 8] jugador 39 entro. Ocupacion: 4/5
[PLAYER 40] buscando sala...
[ROOM 8] jugador 40 entro. Ocupacion: 5/5
[ROOM 1] jugador 1 salio. Ocupacion: 4/5
[SIGNAL] espacio disponible, no hay cola activa.
[ROOM 1] jugador 4 salio. Ocupacion: 3/5
[SIGNAL] espacio disponible, no hay cola activa.
[ROOM 1] jugador 3 salio. Ocupacion: 2/5
[SIGNAL] espacio disponible, no hay cola activa.
[ROOM 1] jugador 5 salio. Ocupacion: 1/5
[SIGNAL] espacio disponible, no hay cola activa.
[ROOM 2] jugador 6 salio. Ocupacion: 4/5
[SIGNAL] espacio disponible, no hay cola activa.
[ROOM 2] jugador 7 salio. Ocupacion: 3/5
[SIGNAL] espacio disponible, no hay cola activa.
[ROOM 2] jugador 10 salio. Ocupacion: 2/5
[SIGNAL] espacio disponible, no hay cola activa.
[ROOM 2] jugador 9 salio. Ocupacion: 1/5
[SIGNAL] espacio disponible, no hay cola activa.
[ROOM 3] jugador 13 salio. Ocupacion: 4/5
[SIGNAL] espacio disponible, no hay cola activa.
[ROOM 3] jugador 12 salio. Ocupacion: 3/5
[SIGNAL] espacio disponible, no hay cola activa.
[ROOM 3] jugador 14 salio. Ocupacion: 2/5
[SIGNAL] espacio disponible, no hay cola activa.
[ROOM 3] jugador 15 salio. Ocupacion: 1/5
[SIGNAL] espacio disponible, no hay cola activa.
[ROOM 4] jugador 16 salio. Ocupacion: 4/5
[SIGNAL] espacio disponible, no hay cola activa.
[ROOM 4] jugador 17 salio. Ocupacion: 3/5
[SIGNAL] espacio disponible, no hay cola activa.
[ROOM 1] jugador 2 salio. Ocupacion: 0/5
[SERVER] Sala 1 marcada inactiva. Salas activas: 7
[SIGNAL] espacio disponible, no hay cola activa.
[ROOM 4] jugador 18 salio. Ocupacion: 2/5
[SIGNAL] espacio disponible, no hay cola activa.
[ROOM 4] jugador 19 salio. Ocupacion: 1/5
[SIGNAL] espacio disponible, no hay cola activa.
[ROOM 4] jugador 20 salio. Ocupacion: 0/5
[SERVER] Sala 4 marcada inactiva. Salas activas: 6
[SIGNAL] espacio disponible, no hay cola activa.
[ROOM 5] jugador 23 salio. Ocupacion: 4/5
[SIGNAL] espacio disponible, no hay cola activa.
[ROOM 5] jugador 22 salio. Ocupacion: 3/5
[SIGNAL] espacio disponible, no hay cola activa.
[ROOM 5] jugador 21 salio. Ocupacion: 2/5
[SIGNAL] espacio disponible, no hay cola activa.
[ROOM 5] jugador 24 salio. Ocupacion: 1/5
[SIGNAL] espacio disponible, no hay cola activa.
[ROOM 2] jugador 8 salio. Ocupacion: 0/5
[SERVER] Sala 2 marcada inactiva. Salas activas: 5
[SIGNAL] espacio disponible, no hay cola activa.
[ROOM 3] jugador 11 salio. Ocupacion: 0/5
[SERVER] Sala 3 marcada inactiva. Salas activas: 4
[SIGNAL] espacio disponible, no hay cola activa.
[ROOM 5] jugador 25 salio. Ocupacion: 0/5
[SERVER] Sala 5 marcada inactiva. Salas activas: 3
[SIGNAL] espacio disponible, no hay cola activa.
[ROOM 6] jugador 30 salio. Ocupacion: 4/5
[SIGNAL] espacio disponible, no hay cola activa.
[ROOM 6] jugador 26 salio. Ocupacion: 3/5
[SIGNAL] espacio disponible, no hay cola activa.
[ROOM 6] jugador 27 salio. Ocupacion: 2/5
[SIGNAL] espacio disponible, no hay cola activa.
[ROOM 6] jugador 29 salio. Ocupacion: 1/5
[SIGNAL] espacio disponible, no hay cola activa.
[ROOM 6] jugador 28 salio. Ocupacion: 0/5
[SERVER] Sala 6 marcada inactiva. Salas activas: 2
[SIGNAL] espacio disponible, no hay cola activa.
[ROOM 7] jugador 31 salio. Ocupacion: 4/5
[SIGNAL] espacio disponible, no hay cola activa.
[ROOM 7] jugador 32 salio. Ocupacion: 3/5
[SIGNAL] espacio disponible, no hay cola activa.
[ROOM 7] jugador 35 salio. Ocupacion: 2/5
[SIGNAL] espacio disponible, no hay cola activa.
[ROOM 7] jugador 33 salio. Ocupacion: 1/5
[SIGNAL] espacio disponible, no hay cola activa.
[ROOM 8] jugador 36 salio. Ocupacion: 4/5
[SIGNAL] espacio disponible, no hay cola activa.
[ROOM 7] jugador 34 salio. Ocupacion: 0/5
[SERVER] Sala 7 marcada inactiva. Salas activas: 1
[SIGNAL] espacio disponible, no hay cola activa.
[ROOM 8] jugador 38 salio. Ocupacion: 3/5
[SIGNAL] espacio disponible, no hay cola activa.
[ROOM 8] jugador 39 salio. Ocupacion: 2/5
[SIGNAL] espacio disponible, no hay cola activa.
[ROOM 8] jugador 37 salio. Ocupacion: 1/5
[SIGNAL] espacio disponible, no hay cola activa.
[ROOM 8] jugador 40 salio. Ocupacion: 0/5
[SERVER] Sala 8 marcada inactiva. Salas activas: 0
[SIGNAL] espacio disponible, no hay cola activa.

========== RESUMEN SYNC ==========
[ROOM 1] activa=0 entries=5 exits=5 occ=0/5
[ROOM 2] activa=0 entries=5 exits=5 occ=0/5
[ROOM 3] activa=0 entries=5 exits=5 occ=0/5
[ROOM 4] activa=0 entries=5 exits=5 occ=0/5
[ROOM 5] activa=0 entries=5 exits=5 occ=0/5
[ROOM 6] activa=0 entries=5 exits=5 occ=0/5
[ROOM 7] activa=0 entries=5 exits=5 occ=0/5
[ROOM 8] activa=0 entries=5 exits=5 occ=0/5
[GLOBAL] completados=40/40 dentro=0
[GLOBAL] salas creadas=8 salas cerradas=8
[OK] Ninguna sala excedio su capacidad.
[OK] Todos los jugadores terminaron correctamente.
--- lote 3/4 ---
=== Matchmaking SYNC | players=40 rooms=8 cap=5 ===
[WARN] sem_init no disponible en este sistema; usando fallback local para ejecutar demo.
[SERVER] Sala 1 activada. Salas activas: 1
[PLAYER 1] buscando sala...
[ROOM 1] jugador 1 entro. Ocupacion: 1/5
[PLAYER 2] buscando sala...
[ROOM 1] jugador 2 entro. Ocupacion: 2/5
[PLAYER 3] buscando sala...
[ROOM 1] jugador 3 entro. Ocupacion: 3/5
[PLAYER 4] buscando sala...
[ROOM 1] jugador 4 entro. Ocupacion: 4/5
[PLAYER 5] buscando sala...
[ROOM 1] jugador 5 entro. Ocupacion: 5/5
[PLAYER 6] buscando sala...
[SERVER] Sala 2 activada. Salas activas: 2
[ROOM 2] jugador 6 entro. Ocupacion: 1/5
[PLAYER 7] buscando sala...
[ROOM 2] jugador 7 entro. Ocupacion: 2/5
[PLAYER 8] buscando sala...
[ROOM 2] jugador 8 entro. Ocupacion: 3/5
[PLAYER 9] buscando sala...
[ROOM 2] jugador 9 entro. Ocupacion: 4/5
[PLAYER 10] buscando sala...
[ROOM 2] jugador 10 entro. Ocupacion: 5/5
[PLAYER 11] buscando sala...
[SERVER] Sala 3 activada. Salas activas: 3
[ROOM 3] jugador 11 entro. Ocupacion: 1/5
[PLAYER 12] buscando sala...
[ROOM 3] jugador 12 entro. Ocupacion: 2/5
[PLAYER 13] buscando sala...
[ROOM 3] jugador 13 entro. Ocupacion: 3/5
[PLAYER 14] buscando sala...
[ROOM 3] jugador 14 entro. Ocupacion: 4/5
[PLAYER 15] buscando sala...
[ROOM 3] jugador 15 entro. Ocupacion: 5/5
[PLAYER 16] buscando sala...
[SERVER] Sala 4 activada. Salas activas: 4
[ROOM 4] jugador 16 entro. Ocupacion: 1/5
[PLAYER 17] buscando sala...
[ROOM 4] jugador 17 entro. Ocupacion: 2/5
[PLAYER 18] buscando sala...
[ROOM 4] jugador 18 entro. Ocupacion: 3/5
[PLAYER 19] buscando sala...
[ROOM 4] jugador 19 entro. Ocupacion: 4/5
[PLAYER 20] buscando sala...
[ROOM 4] jugador 20 entro. Ocupacion: 5/5
[PLAYER 21] buscando sala...
[SERVER] Sala 5 activada. Salas activas: 5
[ROOM 5] jugador 21 entro. Ocupacion: 1/5
[PLAYER 22] buscando sala...
[ROOM 5] jugador 22 entro. Ocupacion: 2/5
[PLAYER 23] buscando sala...
[ROOM 5] jugador 23 entro. Ocupacion: 3/5
[PLAYER 24] buscando sala...
[ROOM 5] jugador 24 entro. Ocupacion: 4/5
[PLAYER 25] buscando sala...
[ROOM 5] jugador 25 entro. Ocupacion: 5/5
[PLAYER 26] buscando sala...
[SERVER] Sala 6 activada. Salas activas: 6
[ROOM 6] jugador 26 entro. Ocupacion: 1/5
[PLAYER 27] buscando sala...
[ROOM 6] jugador 27 entro. Ocupacion: 2/5
[PLAYER 28] buscando sala...
[ROOM 6] jugador 28 entro. Ocupacion: 3/5
[PLAYER 29] buscando sala...
[ROOM 6] jugador 29 entro. Ocupacion: 4/5
[PLAYER 30] buscando sala...
[ROOM 6] jugador 30 entro. Ocupacion: 5/5
[PLAYER 31] buscando sala...
[SERVER] Sala 7 activada. Salas activas: 7
[ROOM 7] jugador 31 entro. Ocupacion: 1/5
[PLAYER 32] buscando sala...
[ROOM 7] jugador 32 entro. Ocupacion: 2/5
[PLAYER 33] buscando sala...
[ROOM 7] jugador 33 entro. Ocupacion: 3/5
[PLAYER 34] buscando sala...
[ROOM 7] jugador 34 entro. Ocupacion: 4/5
[PLAYER 35] buscando sala...
[ROOM 7] jugador 35 entro. Ocupacion: 5/5
[PLAYER 36] buscando sala...
[SERVER] Sala 8 activada. Salas activas: 8
[ROOM 8] jugador 36 entro. Ocupacion: 1/5
[PLAYER 37] buscando sala...
[ROOM 8] jugador 37 entro. Ocupacion: 2/5
[PLAYER 38] buscando sala...
[ROOM 8] jugador 38 entro. Ocupacion: 3/5
[PLAYER 39] buscando sala...
[ROOM 8] jugador 39 entro. Ocupacion: 4/5
[PLAYER 40] buscando sala...
[ROOM 8] jugador 40 entro. Ocupacion: 5/5
[ROOM 1] jugador 1 salio. Ocupacion: 4/5
[SIGNAL] espacio disponible, no hay cola activa.
[ROOM 1] jugador 4 salio. Ocupacion: 3/5
[SIGNAL] espacio disponible, no hay cola activa.
[ROOM 2] jugador 6 salio. Ocupacion: 4/5
[SIGNAL] espacio disponible, no hay cola activa.
[ROOM 2] jugador 7 salio. Ocupacion: 3/5
[SIGNAL] espacio disponible, no hay cola activa.
[ROOM 2] jugador 9 salio. Ocupacion: 2/5
[SIGNAL] espacio disponible, no hay cola activa.
[ROOM 3] jugador 11 salio. Ocupacion: 4/5
[SIGNAL] espacio disponible, no hay cola activa.
[ROOM 1] jugador 3 salio. Ocupacion: 2/5
[SIGNAL] espacio disponible, no hay cola activa.
[ROOM 1] jugador 5 salio. Ocupacion: 1/5
[SIGNAL] espacio disponible, no hay cola activa.
[ROOM 3] jugador 12 salio. Ocupacion: 3/5
[SIGNAL] espacio disponible, no hay cola activa.
[ROOM 3] jugador 14 salio. Ocupacion: 2/5
[SIGNAL] espacio disponible, no hay cola activa.
[ROOM 3] jugador 15 salio. Ocupacion: 1/5
[SIGNAL] espacio disponible, no hay cola activa.
[ROOM 2] jugador 8 salio. Ocupacion: 1/5
[SIGNAL] espacio disponible, no hay cola activa.
[ROOM 4] jugador 19 salio. Ocupacion: 4/5
[SIGNAL] espacio disponible, no hay cola activa.
[ROOM 4] jugador 20 salio. Ocupacion: 3/5
[SIGNAL] espacio disponible, no hay cola activa.
[ROOM 5] jugador 21 salio. Ocupacion: 4/5
[SIGNAL] espacio disponible, no hay cola activa.
[ROOM 5] jugador 23 salio. Ocupacion: 3/5
[SIGNAL] espacio disponible, no hay cola activa.
[ROOM 5] jugador 25 salio. Ocupacion: 2/5
[SIGNAL] espacio disponible, no hay cola activa.
[ROOM 5] jugador 24 salio. Ocupacion: 1/5
[SIGNAL] espacio disponible, no hay cola activa.
[ROOM 6] jugador 28 salio. Ocupacion: 4/5
[SIGNAL] espacio disponible, no hay cola activa.
[ROOM 6] jugador 26 salio. Ocupacion: 3/5
[SIGNAL] espacio disponible, no hay cola activa.
[ROOM 6] jugador 29 salio. Ocupacion: 2/5
[SIGNAL] espacio disponible, no hay cola activa.
[ROOM 7] jugador 31 salio. Ocupacion: 4/5
[SIGNAL] espacio disponible, no hay cola activa.
[ROOM 3] jugador 13 salio. Ocupacion: 0/5
[SERVER] Sala 3 marcada inactiva. Salas activas: 7
[SIGNAL] espacio disponible, no hay cola activa.
[ROOM 7] jugador 34 salio. Ocupacion: 3/5
[SIGNAL] espacio disponible, no hay cola activa.
[ROOM 7] jugador 35 salio. Ocupacion: 2/5
[SIGNAL] espacio disponible, no hay cola activa.
[ROOM 8] jugador 36 salio. Ocupacion: 4/5
[SIGNAL] espacio disponible, no hay cola activa.
[ROOM 8] jugador 37 salio. Ocupacion: 3/5
[SIGNAL] espacio disponible, no hay cola activa.
[ROOM 7] jugador 33 salio. Ocupacion: 1/5
[SIGNAL] espacio disponible, no hay cola activa.
[ROOM 6] jugador 30 salio. Ocupacion: 1/5
[SIGNAL] espacio disponible, no hay cola activa.
[ROOM 8] jugador 38 salio. Ocupacion: 2/5
[SIGNAL] espacio disponible, no hay cola activa.
[ROOM 4] jugador 18 salio. Ocupacion: 2/5
[SIGNAL] espacio disponible, no hay cola activa.
[ROOM 8] jugador 39 salio. Ocupacion: 1/5
[SIGNAL] espacio disponible, no hay cola activa.
[ROOM 6] jugador 27 salio. Ocupacion: 0/5
[SERVER] Sala 6 marcada inactiva. Salas activas: 6
[SIGNAL] espacio disponible, no hay cola activa.
[ROOM 5] jugador 22 salio. Ocupacion: 0/5
[SERVER] Sala 5 marcada inactiva. Salas activas: 5
[SIGNAL] espacio disponible, no hay cola activa.
[ROOM 7] jugador 32 salio. Ocupacion: 0/5
[SERVER] Sala 7 marcada inactiva. Salas activas: 4
[SIGNAL] espacio disponible, no hay cola activa.
[ROOM 8] jugador 40 salio. Ocupacion: 0/5
[SERVER] Sala 8 marcada inactiva. Salas activas: 3
[SIGNAL] espacio disponible, no hay cola activa.
[ROOM 1] jugador 2 salio. Ocupacion: 0/5
[SERVER] Sala 1 marcada inactiva. Salas activas: 2
[SIGNAL] espacio disponible, no hay cola activa.
[ROOM 4] jugador 16 salio. Ocupacion: 1/5
[SIGNAL] espacio disponible, no hay cola activa.
[ROOM 4] jugador 17 salio. Ocupacion: 0/5
[SERVER] Sala 4 marcada inactiva. Salas activas: 1
[SIGNAL] espacio disponible, no hay cola activa.
[ROOM 2] jugador 10 salio. Ocupacion: 0/5
[SERVER] Sala 2 marcada inactiva. Salas activas: 0
[SIGNAL] espacio disponible, no hay cola activa.

========== RESUMEN SYNC ==========
[ROOM 1] activa=0 entries=5 exits=5 occ=0/5
[ROOM 2] activa=0 entries=5 exits=5 occ=0/5
[ROOM 3] activa=0 entries=5 exits=5 occ=0/5
[ROOM 4] activa=0 entries=5 exits=5 occ=0/5
[ROOM 5] activa=0 entries=5 exits=5 occ=0/5
[ROOM 6] activa=0 entries=5 exits=5 occ=0/5
[ROOM 7] activa=0 entries=5 exits=5 occ=0/5
[ROOM 8] activa=0 entries=5 exits=5 occ=0/5
[GLOBAL] completados=40/40 dentro=0
[GLOBAL] salas creadas=8 salas cerradas=8
[OK] Ninguna sala excedio su capacidad.
[OK] Todos los jugadores terminaron correctamente.
--- lote 4/4 ---
=== Matchmaking SYNC | players=40 rooms=8 cap=5 ===
[WARN] sem_init no disponible en este sistema; usando fallback local para ejecutar demo.
[SERVER] Sala 1 activada. Salas activas: 1
[PLAYER 1] buscando sala...
[ROOM 1] jugador 1 entro. Ocupacion: 1/5
[PLAYER 2] buscando sala...
[ROOM 1] jugador 2 entro. Ocupacion: 2/5
[PLAYER 3] buscando sala...
[ROOM 1] jugador 3 entro. Ocupacion: 3/5
[PLAYER 4] buscando sala...
[ROOM 1] jugador 4 entro. Ocupacion: 4/5
[PLAYER 5] buscando sala...
[ROOM 1] jugador 5 entro. Ocupacion: 5/5
[PLAYER 6] buscando sala...
[SERVER] Sala 2 activada. Salas activas: 2
[ROOM 2] jugador 6 entro. Ocupacion: 1/5
[PLAYER 7] buscando sala...
[ROOM 2] jugador 7 entro. Ocupacion: 2/5
[PLAYER 8] buscando sala...
[ROOM 2] jugador 8 entro. Ocupacion: 3/5
[PLAYER 9] buscando sala...
[ROOM 2] jugador 9 entro. Ocupacion: 4/5
[PLAYER 10] buscando sala...
[ROOM 2] jugador 10 entro. Ocupacion: 5/5
[PLAYER 11] buscando sala...
[SERVER] Sala 3 activada. Salas activas: 3
[ROOM 3] jugador 11 entro. Ocupacion: 1/5
[PLAYER 12] buscando sala...
[ROOM 3] jugador 12 entro. Ocupacion: 2/5
[PLAYER 13] buscando sala...
[ROOM 3] jugador 13 entro. Ocupacion: 3/5
[PLAYER 14] buscando sala...
[ROOM 3] jugador 14 entro. Ocupacion: 4/5
[PLAYER 15] buscando sala...
[ROOM 3] jugador 15 entro. Ocupacion: 5/5
[PLAYER 16] buscando sala...
[SERVER] Sala 4 activada. Salas activas: 4
[ROOM 4] jugador 16 entro. Ocupacion: 1/5
[PLAYER 17] buscando sala...
[ROOM 4] jugador 17 entro. Ocupacion: 2/5
[PLAYER 18] buscando sala...
[ROOM 4] jugador 18 entro. Ocupacion: 3/5
[PLAYER 19] buscando sala...
[ROOM 4] jugador 19 entro. Ocupacion: 4/5
[PLAYER 20] buscando sala...
[ROOM 4] jugador 20 entro. Ocupacion: 5/5
[PLAYER 21] buscando sala...
[SERVER] Sala 5 activada. Salas activas: 5
[ROOM 5] jugador 21 entro. Ocupacion: 1/5
[PLAYER 22] buscando sala...
[ROOM 5] jugador 22 entro. Ocupacion: 2/5
[PLAYER 23] buscando sala...
[ROOM 5] jugador 23 entro. Ocupacion: 3/5
[PLAYER 24] buscando sala...
[ROOM 5] jugador 24 entro. Ocupacion: 4/5
[PLAYER 25] buscando sala...
[ROOM 5] jugador 25 entro. Ocupacion: 5/5
[PLAYER 26] buscando sala...
[SERVER] Sala 6 activada. Salas activas: 6
[ROOM 6] jugador 26 entro. Ocupacion: 1/5
[PLAYER 27] buscando sala...
[ROOM 6] jugador 27 entro. Ocupacion: 2/5
[PLAYER 28] buscando sala...
[ROOM 6] jugador 28 entro. Ocupacion: 3/5
[PLAYER 29] buscando sala...
[ROOM 6] jugador 29 entro. Ocupacion: 4/5
[PLAYER 30] buscando sala...
[ROOM 6] jugador 30 entro. Ocupacion: 5/5
[PLAYER 31] buscando sala...
[SERVER] Sala 7 activada. Salas activas: 7
[ROOM 7] jugador 31 entro. Ocupacion: 1/5
[PLAYER 32] buscando sala...
[ROOM 7] jugador 32 entro. Ocupacion: 2/5
[PLAYER 33] buscando sala...
[ROOM 7] jugador 33 entro. Ocupacion: 3/5
[PLAYER 34] buscando sala...
[ROOM 7] jugador 34 entro. Ocupacion: 4/5
[PLAYER 35] buscando sala...
[ROOM 7] jugador 35 entro. Ocupacion: 5/5
[PLAYER 36] buscando sala...
[SERVER] Sala 8 activada. Salas activas: 8
[ROOM 8] jugador 36 entro. Ocupacion: 1/5
[PLAYER 37] buscando sala...
[ROOM 8] jugador 37 entro. Ocupacion: 2/5
[PLAYER 38] buscando sala...
[ROOM 8] jugador 38 entro. Ocupacion: 3/5
[PLAYER 39] buscando sala...
[ROOM 8] jugador 39 entro. Ocupacion: 4/5
[PLAYER 40] buscando sala...
[ROOM 8] jugador 40 entro. Ocupacion: 5/5
[ROOM 1] jugador 2 salio. Ocupacion: 4/5
[SIGNAL] espacio disponible, no hay cola activa.
[ROOM 1] jugador 1 salio. Ocupacion: 3/5
[SIGNAL] espacio disponible, no hay cola activa.
[ROOM 1] jugador 3 salio. Ocupacion: 2/5
[SIGNAL] espacio disponible, no hay cola activa.
[ROOM 2] jugador 8 salio. Ocupacion: 4/5
[SIGNAL] espacio disponible, no hay cola activa.
[ROOM 3] jugador 11 salio. Ocupacion: 4/5
[SIGNAL] espacio disponible, no hay cola activa.
[ROOM 4] jugador 17 salio. Ocupacion: 4/5
[SIGNAL] espacio disponible, no hay cola activa.
[ROOM 4] jugador 19 salio. Ocupacion: 3/5
[SIGNAL] espacio disponible, no hay cola activa.
[ROOM 1] jugador 4 salio. Ocupacion: 1/5
[SIGNAL] espacio disponible, no hay cola activa.
[ROOM 5] jugador 22 salio. Ocupacion: 4/5
[SIGNAL] espacio disponible, no hay cola activa.
[ROOM 5] jugador 23 salio. Ocupacion: 3/5
[SIGNAL] espacio disponible, no hay cola activa.
[ROOM 8] jugador 36 salio. Ocupacion: 4/5
[SIGNAL] espacio disponible, no hay cola activa.
[ROOM 6] jugador 26 salio. Ocupacion: 4/5
[SIGNAL] espacio disponible, no hay cola activa.
[ROOM 2] jugador 10 salio. Ocupacion: 3/5
[SIGNAL] espacio disponible, no hay cola activa.
[ROOM 7] jugador 32 salio. Ocupacion: 4/5
[SIGNAL] espacio disponible, no hay cola activa.
[ROOM 7] jugador 34 salio. Ocupacion: 3/5
[SIGNAL] espacio disponible, no hay cola activa.
[ROOM 2] jugador 6 salio. Ocupacion: 2/5
[SIGNAL] espacio disponible, no hay cola activa.
[ROOM 8] jugador 37 salio. Ocupacion: 3/5
[SIGNAL] espacio disponible, no hay cola activa.
[ROOM 8] jugador 39 salio. Ocupacion: 2/5
[SIGNAL] espacio disponible, no hay cola activa.
[ROOM 8] jugador 40 salio. Ocupacion: 1/5
[SIGNAL] espacio disponible, no hay cola activa.
[ROOM 3] jugador 14 salio. Ocupacion: 3/5
[SIGNAL] espacio disponible, no hay cola activa.
[ROOM 3] jugador 13 salio. Ocupacion: 2/5
[SIGNAL] espacio disponible, no hay cola activa.
[ROOM 1] jugador 5 salio. Ocupacion: 0/5
[SERVER] Sala 1 marcada inactiva. Salas activas: 7
[SIGNAL] espacio disponible, no hay cola activa.
[ROOM 3] jugador 15 salio. Ocupacion: 1/5
[SIGNAL] espacio disponible, no hay cola activa.
[ROOM 4] jugador 16 salio. Ocupacion: 2/5
[SIGNAL] espacio disponible, no hay cola activa.
[ROOM 4] jugador 18 salio. Ocupacion: 1/5
[SIGNAL] espacio disponible, no hay cola activa.
[ROOM 5] jugador 21 salio. Ocupacion: 2/5
[SIGNAL] espacio disponible, no hay cola activa.
[ROOM 5] jugador 25 salio. Ocupacion: 1/5
[SIGNAL] espacio disponible, no hay cola activa.
[ROOM 7] jugador 31 salio. Ocupacion: 2/5
[SIGNAL] espacio disponible, no hay cola activa.
[ROOM 7] jugador 35 salio. Ocupacion: 1/5
[SIGNAL] espacio disponible, no hay cola activa.
[ROOM 6] jugador 27 salio. Ocupacion: 3/5
[SIGNAL] espacio disponible, no hay cola activa.
[ROOM 2] jugador 7 salio. Ocupacion: 1/5
[SIGNAL] espacio disponible, no hay cola activa.
[ROOM 3] jugador 12 salio. Ocupacion: 0/5
[SERVER] Sala 3 marcada inactiva. Salas activas: 6
[SIGNAL] espacio disponible, no hay cola activa.
[ROOM 6] jugador 29 salio. Ocupacion: 2/5
[SIGNAL] espacio disponible, no hay cola activa.
[ROOM 6] jugador 30 salio. Ocupacion: 1/5
[SIGNAL] espacio disponible, no hay cola activa.
[ROOM 7] jugador 33 salio. Ocupacion: 0/5
[SERVER] Sala 7 marcada inactiva. Salas activas: 5
[SIGNAL] espacio disponible, no hay cola activa.
[ROOM 5] jugador 24 salio. Ocupacion: 0/5
[SERVER] Sala 5 marcada inactiva. Salas activas: 4
[SIGNAL] espacio disponible, no hay cola activa.
[ROOM 4] jugador 20 salio. Ocupacion: 0/5
[SERVER] Sala 4 marcada inactiva. Salas activas: 3
[SIGNAL] espacio disponible, no hay cola activa.
[ROOM 6] jugador 28 salio. Ocupacion: 0/5
[SERVER] Sala 6 marcada inactiva. Salas activas: 2
[SIGNAL] espacio disponible, no hay cola activa.
[ROOM 2] jugador 9 salio. Ocupacion: 0/5
[SERVER] Sala 2 marcada inactiva. Salas activas: 1
[SIGNAL] espacio disponible, no hay cola activa.
[ROOM 8] jugador 38 salio. Ocupacion: 0/5
[SERVER] Sala 8 marcada inactiva. Salas activas: 0
[SIGNAL] espacio disponible, no hay cola activa.

========== RESUMEN SYNC ==========
[ROOM 1] activa=0 entries=5 exits=5 occ=0/5
[ROOM 2] activa=0 entries=5 exits=5 occ=0/5
[ROOM 3] activa=0 entries=5 exits=5 occ=0/5
[ROOM 4] activa=0 entries=5 exits=5 occ=0/5
[ROOM 5] activa=0 entries=5 exits=5 occ=0/5
[ROOM 6] activa=0 entries=5 exits=5 occ=0/5
[ROOM 7] activa=0 entries=5 exits=5 occ=0/5
[ROOM 8] activa=0 entries=5 exits=5 occ=0/5
[GLOBAL] completados=40/40 dentro=0
[GLOBAL] salas creadas=8 salas cerradas=8
[OK] Ninguna sala excedio su capacidad.
[OK] Todos los jugadores terminaron correctamente.
